Log file open, 06/18/18 00:28:30
LogWindows: Failed to load 'aqProf.dll' (GetLastError=126)
LogWindows: File 'aqProf.dll' does not exist
LogWindows: Failed to load 'VtuneApi.dll' (GetLastError=126)
LogWindows: File 'VtuneApi.dll' does not exist
LogWindows: Failed to load 'VtuneApi32e.dll' (GetLastError=126)
LogWindows: File 'VtuneApi32e.dll' does not exist
LogInit: Display: Running engine for game: RoBuddies
LogPlatformFile: Not using cached read wrapper
LogInit: Display: RandInit(1080741045) SRandInit(1080741045).
LogTaskGraph: Started task graph with 5 named threads and 14 total threads with 3 sets of task threads.
LogStats: Stats thread started at 0.221858
LogD3D11RHI: Aftermath initialized
LogPluginManager: Mounting plugin Paper2D
LogPluginManager: Mounting plugin LightPropagationVolume
LogPluginManager: Mounting plugin CodeLiteSourceCodeAccess
LogPluginManager: Mounting plugin GitSourceControl
LogPluginManager: Mounting plugin KDevelopSourceCodeAccess
LogPluginManager: Mounting plugin NullSourceCodeAccess
LogPluginManager: Mounting plugin PerforceSourceControl
LogPluginManager: Mounting plugin SubversionSourceControl
LogPluginManager: Mounting plugin UObjectPlugin
LogPluginManager: Mounting plugin VisualStudioSourceCodeAccess
LogPluginManager: Mounting plugin XCodeSourceCodeAccess
LogPluginManager: Mounting plugin AssetManagerEditor
LogPluginManager: Mounting plugin AudioCapture
LogPluginManager: Mounting plugin FacialAnimation
LogPluginManager: Mounting plugin GameplayTagsEditor
LogPluginManager: Mounting plugin MobileLauncherProfileWizard
LogPluginManager: Mounting plugin PluginBrowser
LogPluginManager: Mounting plugin SpeedTreeImporter
LogPluginManager: Mounting plugin AlembicImporter
LogPluginManager: Mounting plugin CharacterAI
LogPluginManager: Mounting plugin HTML5Networking
LogPluginManager: Mounting plugin AndroidMedia
LogPluginManager: Mounting plugin AvfMedia
LogPluginManager: Mounting plugin MediaPlayerEditor
LogPluginManager: Mounting plugin WmfMedia
LogPluginManager: Mounting plugin TcpMessaging
LogPluginManager: Mounting plugin UdpMessaging
LogPluginManager: Mounting plugin LevelSequenceEditor
LogPluginManager: Mounting plugin MatineeToLevelSequence
LogPluginManager: Mounting plugin OnlineSubsystemGooglePlay
LogPluginManager: Mounting plugin OnlineSubsystemIOS
LogPluginManager: Mounting plugin OnlineSubsystem
LogPluginManager: Mounting plugin OnlineSubsystemNull
LogPluginManager: Mounting plugin OnlineSubsystemUtils
LogPluginManager: Mounting plugin AndroidDeviceProfileSelector
LogPluginManager: Mounting plugin AndroidMoviePlayer
LogPluginManager: Mounting plugin AndroidPermission
LogPluginManager: Mounting plugin AppleMoviePlayer
LogPluginManager: Mounting plugin ArchVisCharacter
LogPluginManager: Mounting plugin CableComponent
LogPluginManager: Mounting plugin CustomMeshComponent
LogPluginManager: Mounting plugin ExampleDeviceProfileSelector
LogPluginManager: Mounting plugin GoogleCloudMessaging
LogPluginManager: Mounting plugin ImmediatePhysics
LogPluginManager: Mounting plugin IOSDeviceProfileSelector
LogPluginManager: Mounting plugin LinuxDeviceProfileSelector
LogPluginManager: Mounting plugin LocationServicesBPLibrary
LogPluginManager: Mounting plugin MobilePatchingUtils
LogPluginManager: Mounting plugin OculusVR
LogPluginManager: Mounting plugin PhysXVehicles
LogPluginManager: Mounting plugin ProceduralMeshComponent
LogPluginManager: Mounting plugin RuntimePhysXCooking
LogPluginManager: Mounting plugin SteamVR
LogPluginManager: Mounting plugin WindowsMoviePlayer
LogInit: Using libcurl 7.47.1
LogInit:  - built for x86_64-pc-win32
LogInit:  - supports SSL with OpenSSL/1.0.2g
LogInit:  - supports HTTP deflate (compression) using libz 1.2.8
LogInit:  - other features:
LogInit:      CURL_VERSION_SSL
LogInit:      CURL_VERSION_LIBZ
LogInit:      CURL_VERSION_IPV6
LogInit:      CURL_VERSION_ASYNCHDNS
LogInit:      CURL_VERSION_LARGEFILE
LogInit:      CURL_VERSION_IDN
LogInit:  CurlRequestOptions (configurable via config and command line):
LogInit:  - bVerifyPeer = false  - Libcurl will NOT verify peer certificate
LogInit:  - bUseHttpProxy = false  - Libcurl will NOT use HTTP proxy
LogInit:  - bDontReuseConnections = false  - Libcurl will reuse connections
LogInit:  - CertBundlePath = nullptr  - Libcurl will use whatever was configured at build time.
LogInit: Build: ++UE4+Release-4.17-CL-3658906
LogInit: Engine Version: 4.17.2-3658906+++UE4+Release-4.17
LogInit: Compatible Engine Version: 4.17.0-3573198+++UE4+Release-4.17
LogInit: Net CL: 3573198
LogDevObjectVersion: Number of dev versions registered: 16
LogDevObjectVersion:   Dev-Blueprints (B0D832E4-1F89-4F0D-ACCF-7EB736FD4AA2): 10
LogDevObjectVersion:   Dev-Build (E1C64328-A22C-4D53-A36C-8E866417BD8C): 0
LogDevObjectVersion:   Dev-Core (375EC13C-06E4-48FB-B500-84F0262A717E): 2
LogDevObjectVersion:   Dev-Editor (E4B068ED-F494-42E9-A231-DA0B2E46BB41): 20
LogDevObjectVersion:   Dev-Framework (CFFC743F-43B0-4480-9391-14DF171D2073): 28
LogDevObjectVersion:   Dev-Mobile (B02B49B5-BB20-44E9-A304-32B752E40360): 0
LogDevObjectVersion:   Dev-Networking (A4E4105C-59A1-49B5-A7C5-40C4547EDFEE): 0
LogDevObjectVersion:   Dev-Online (39C831C9-5AE6-47DC-9A44-9C173E1C8E7C): 0
LogDevObjectVersion:   Dev-Physics (78F01B33-EBEA-4F98-B9B4-84EACCB95AA2): 0
LogDevObjectVersion:   Dev-Platform (6631380F-2D4D-43E0-8009-CF276956A95A): 0
LogDevObjectVersion:   Dev-Rendering (12F88B9F-8875-4AFC-A67C-D90C383ABD29): 19
LogDevObjectVersion:   Dev-Sequencer (7B5AE74C-D270-4C10-A958-57980B212A5A): 4
LogDevObjectVersion:   Dev-VR (D7296918-1DD6-4BDD-9DE2-64A83CC13884): 0
LogDevObjectVersion:   Dev-LoadTimes (C2A15278-BFE7-4AFE-6C17-90FF531DF755): 1
LogDevObjectVersion:   Private-Geometry (6EACA3D4-40EC-4CC1-B786-8BED09428FC5): 1
LogDevObjectVersion:   Dev-AnimPhys (29E575DD-E0A3-4627-9D10-D276232CDCEA): 7
LogInit: Compiled (64-bit): Sep 22 2017 13:47:16
LogInit: Compiled with Visual C++: 19.00.24215.01
LogInit: Build Configuration: Development
LogInit: Branch Name: ++UE4+Release-4.17
LogInit: Command line: -EpicPortal 
LogInit: Base directory: C:/Program Files (x86)/Epic Games/UE_4.17/Engine/Binaries/Win64/
LogInit: Installed Engine Build: 1
LogInit: Presizing for max 8388607 objects, including 0 objects not considered by GC, pre-allocating 0 bytes for permanent pool.
LogInit: Object subsystem initialized
[2018.06.17-14.28.31:474][  0]LogInit: Selected Device Profile: [Windows]
[2018.06.17-14.28.31:474][  0]LogInit: Applying CVar settings loaded from the selected device profile: [Windows]
[2018.06.17-14.28.31:488][  0]LogInit: Computer: DESKTOP-LT914LN
[2018.06.17-14.28.31:488][  0]LogInit: User: VictorWeidar
[2018.06.17-14.28.31:488][  0]LogInit: CPU Page size=4096, Cores=4
[2018.06.17-14.28.31:488][  0]LogInit: High frequency timer resolution =2.531249 MHz
[2018.06.17-14.28.31:489][  0]LogMemory: Memory total: Physical=15.9GB (16GB approx)
[2018.06.17-14.28.31:489][  0]LogMemory: Platform Memory Stats for Windows
[2018.06.17-14.28.31:489][  0]LogMemory: Process Physical Memory: 278.86 MB used, 278.86 MB peak
[2018.06.17-14.28.31:489][  0]LogMemory: Process Virtual Memory: 282.43 MB used, 282.43 MB peak
[2018.06.17-14.28.31:489][  0]LogMemory: Physical Memory: 6219.68 MB used,  10100.13 MB free, 16319.81 MB total
[2018.06.17-14.28.31:489][  0]LogMemory: Virtual Memory: 4811.78 MB used,  10100.13 MB free, 134217728.00 MB total
[2018.06.17-14.28.31:698][  0]LogInit: Using OS detected language (sv-SE).
[2018.06.17-14.28.31:698][  0]LogInit: Using OS detected locale (sv-SE).
[2018.06.17-14.28.31:711][  0]LogTextLocalizationManager: No localization for 'sv-SE' exists, so 'en' will be used for the language.
[2018.06.17-14.28.31:711][  0]LogTextLocalizationManager: No localization for 'sv-SE' exists, so 'en' will be used for the locale.
[2018.06.17-14.28.32:517][  0]LogD3D11RHI: D3D11 adapters:
[2018.06.17-14.28.32:593][  0]LogD3D11RHI:    0. 'NVIDIA GeForce GTX 1060' (Feature Level 11_0)
[2018.06.17-14.28.32:593][  0]LogD3D11RHI:       6084/0/8159 MB DedicatedVideo/DedicatedSystem/SharedSystem, Outputs:1, VendorId:0x10de
[2018.06.17-14.28.32:595][  0]LogD3D11RHI:    1. 'Microsoft Basic Render Driver' (Feature Level 11_0)
[2018.06.17-14.28.32:596][  0]LogD3D11RHI:       0/0/8159 MB DedicatedVideo/DedicatedSystem/SharedSystem, Outputs:0, VendorId:0x1414
[2018.06.17-14.28.32:596][  0]LogD3D11RHI: Chosen D3D11 Adapter: 0
[2018.06.17-14.28.32:604][  0]LogD3D11RHI: Creating new Direct3DDevice
[2018.06.17-14.28.32:604][  0]LogD3D11RHI:     GPU DeviceId: 0x1c60 (for the marketing name, search the web for "GPU Device Id")
[2018.06.17-14.28.32:604][  0]LogWindows: EnumDisplayDevices:
[2018.06.17-14.28.32:604][  0]LogWindows:    0. 'NVIDIA GeForce GTX 1060' (P:1 D:1)
[2018.06.17-14.28.32:605][  0]LogWindows:    1. 'NVIDIA GeForce GTX 1060' (P:0 D:0)
[2018.06.17-14.28.32:605][  0]LogWindows:    2. 'NVIDIA GeForce GTX 1060' (P:0 D:0)
[2018.06.17-14.28.32:605][  0]LogWindows:    3. 'NVIDIA GeForce GTX 1060' (P:0 D:0)
[2018.06.17-14.28.32:605][  0]LogWindows: DebugString: GetVideoDriverDetailsInvalid PrimaryIsNotTheChoosenAdapter GetVideoDriverDetailsInvalid PrimaryIsNotTheChoosenAdapter GetVideoDriverDetailsInvalid PrimaryIsNotTheChoosenAdapter GetVideoDriverDetailsInvalid PrimaryIsNotTheChoosenAdapter FoundDriverCount:0 
[2018.06.17-14.28.32:605][  0]LogD3D11RHI:     Adapter Name: NVIDIA GeForce GTX 1060
[2018.06.17-14.28.32:605][  0]LogD3D11RHI:   Driver Version: Unknown (internal:Unknown, unified:Unknown)
[2018.06.17-14.28.32:605][  0]LogD3D11RHI:      Driver Date: Unknown
[2018.06.17-14.28.32:605][  0]LogRHI: Texture pool is 1361 MB (70% of 1945 MB)
[2018.06.17-14.28.32:640][  0]LogD3D11RHI: Async texture creation enabled
[2018.06.17-14.28.32:652][  0]LogD3D11RHI: GPU Timing Frequency: 1000.000000 (Debug: 2 1)
[2018.06.17-14.28.32:695][  0]LogShaderCompilers: Guid format shader working directory is -27 characters bigger than the processId version (../../../../../../Users/Victor Weidar/Desktop/GameDev/Robros/Robros-SC/RoBuddies/Intermediate/Shaders/WorkingDirectory/17836/).
[2018.06.17-14.28.32:696][  0]LogShaderCompilers: Cleaned the shader compiler working directory 'C:/Users/Victor Weidar/AppData/Local/Temp/UnrealShaderWorkingDir/20F1908C4BC36C2441985EB077089238/'.
[2018.06.17-14.28.32:696][  0]LogShaderCompilers: Display: Using Local Shader Compiler.
[2018.06.17-14.28.33:670][  0]LogTemp: Display: Loaded TP AllDesktopTargetPlatform
[2018.06.17-14.28.33:733][  0]LogTemp: Display: Loaded TP MacClientTargetPlatform
[2018.06.17-14.28.33:797][  0]LogTemp: Display: Loaded TP MacNoEditorTargetPlatform
[2018.06.17-14.28.33:861][  0]LogTemp: Display: Loaded TP MacServerTargetPlatform
[2018.06.17-14.28.33:927][  0]LogTemp: Display: Loaded TP MacTargetPlatform
[2018.06.17-14.28.33:991][  0]LogTemp: Display: Loaded TP WindowsClientTargetPlatform
[2018.06.17-14.28.34:055][  0]LogTemp: Display: Loaded TP WindowsNoEditorTargetPlatform
[2018.06.17-14.28.34:117][  0]LogTemp: Display: Loaded TP WindowsServerTargetPlatform
[2018.06.17-14.28.34:176][  0]LogTemp: Display: Loaded TP WindowsTargetPlatform
[2018.06.17-14.28.34:240][  0]LogTemp: Display: Loaded TP AndroidTargetPlatform
[2018.06.17-14.28.34:302][  0]LogTemp: Display: Loaded TP Android_ASTCTargetPlatform
[2018.06.17-14.28.34:365][  0]LogTemp: Display: Loaded TP Android_ATCTargetPlatform
[2018.06.17-14.28.34:425][  0]LogTemp: Display: Loaded TP Android_DXTTargetPlatform
[2018.06.17-14.28.34:488][  0]LogTemp: Display: Loaded TP Android_ETC1TargetPlatform
[2018.06.17-14.28.34:551][  0]LogTemp: Display: Loaded TP Android_ETC2TargetPlatform
[2018.06.17-14.28.34:672][  0]LogTemp: Display: Loaded TP Android_MultiTargetPlatform
[2018.06.17-14.28.34:672][  0]LogTemp: Display: Loaded TP Android_PVRTCTargetPlatform
[2018.06.17-14.28.34:724][  0]LogTemp: Display: Loaded TP HTML5TargetPlatform
[2018.06.17-14.28.34:843][  0]LogTemp: Display: Loaded TP IOSTargetPlatform
[2018.06.17-14.28.34:879][  0]LogTemp: Display: Loaded TP TVOSTargetPlatform
[2018.06.17-14.28.34:943][  0]LogTemp: Display: Loaded TP LinuxClientTargetPlatform
[2018.06.17-14.28.35:005][  0]LogTemp: Display: Loaded TP LinuxNoEditorTargetPlatform
[2018.06.17-14.28.35:067][  0]LogTemp: Display: Loaded TP LinuxServerTargetPlatform
[2018.06.17-14.28.35:128][  0]LogTemp: Display: Loaded TP LinuxTargetPlatform
[2018.06.17-14.28.35:128][  0]LogTargetPlatformManager: Display: Building Assets For Windows
[2018.06.17-14.28.35:750][  0]LogDerivedDataCache: Display: Max Cache Size: 512 MB
[2018.06.17-14.28.35:850][  0]LogDerivedDataCache: Loaded boot cache 0.10s 94MB C:/Users/Victor Weidar/AppData/Local/UnrealEngine/4.17/DerivedDataCache/Boot.ddc.
[2018.06.17-14.28.35:851][  0]LogDerivedDataCache: Display: Loaded Boot cache: C:/Users/Victor Weidar/AppData/Local/UnrealEngine/4.17/DerivedDataCache/Boot.ddc
[2018.06.17-14.28.35:851][  0]LogDerivedDataCache: FDerivedDataBackendGraph:  Pak pak cache file ../../../../../../Users/Victor Weidar/Desktop/GameDev/Robros/Robros-SC/RoBuddies/DerivedDataCache/DDC.ddp not found, will not use a pak cache.
[2018.06.17-14.28.35:851][  0]LogDerivedDataCache: Unable to find inner node Pak for hierarchical cache Hierarchy.
[2018.06.17-14.28.35:851][  0]LogDerivedDataCache: FDerivedDataBackendGraph:  CompressedPak pak cache file ../../../../../../Users/Victor Weidar/Desktop/GameDev/Robros/Robros-SC/RoBuddies/DerivedDataCache/Compressed.ddp not found, will not use a pak cache.
[2018.06.17-14.28.35:851][  0]LogDerivedDataCache: Unable to find inner node CompressedPak for hierarchical cache Hierarchy.
[2018.06.17-14.28.35:867][  0]LogDerivedDataCache: Display: Pak cache opened for reading ../../../Engine/DerivedDataCache/Compressed.ddp.
[2018.06.17-14.28.35:881][  0]LogDerivedDataCache: Using Local data cache path C:/Users/Victor Weidar/AppData/Local/UnrealEngine/Common/DerivedDataCache: Writable
[2018.06.17-14.28.35:892][  0]LogMaterial: Verifying Global Shaders for PCD3D_SM5
[2018.06.17-14.28.35:893][  0]LogSlate: Using Freetype 2.6.0
[2018.06.17-14.28.35:893][  0]LogSlate: SlateFontCache - WITH_FREETYPE: 1, WITH_HARFBUZZ: 1
[2018.06.17-14.28.35:893][  0]LogSlate: SlateFontCache - WITH_FREETYPE: 1, WITH_HARFBUZZ: 1
[2018.06.17-14.28.36:182][  0]LogAssetRegistry: FAssetRegistry took 0.0274 seconds to start up
[2018.06.17-14.28.36:324][  0]LogInit: Selected Device Profile: [Windows]
[2018.06.17-14.28.36:797][  0]LogSimplygon: Simplygon DLL not present - disabling.
[2018.06.17-14.28.36:849][  0]LogMeshReduction: Using SimplygonSwarm for distributed automatic mesh merging
[2018.06.17-14.28.36:849][  0]LogMeshReduction: Using QuadricMeshReduction for automatic static mesh reduction
[2018.06.17-14.28.36:849][  0]LogMeshReduction: No automatic skeletal mesh reduction module available
[2018.06.17-14.28.36:849][  0]LogMeshReduction: No automatic mesh merging module available
[2018.06.17-14.28.36:849][  0]LogMeshMerging: No automatic mesh merging module available
[2018.06.17-14.28.36:859][  0]LogContentStreaming: Texture pool size is 0.00 MB
[2018.06.17-14.28.37:429][  0]LogNetVersion: RoBuddies , NetCL: 3573198, EngineNetVer: 2, GameNetVer: 0 (Checksum: 186601854)
[2018.06.17-14.28.37:666][  0]LogPackageLocalizationCache: Processed 5 localized package path(s) for 1 prioritized culture(s) in 0.023253 seconds
[2018.06.17-14.28.37:673][  0]LogUObjectArray: 35825 objects as part of root set at end of initial load.
[2018.06.17-14.28.37:673][  0]LogUObjectAllocator: 7529112 out of 0 bytes used by permanent object pool.
[2018.06.17-14.28.37:673][  0]LogUObjectArray: CloseDisregardForGC: 0/0 objects in disregard for GC pool
[2018.06.17-14.28.37:751][  0]LogInit: WinSock: version 1.1 (2.2), MaxSocks=32767, MaxUdp=65467
[2018.06.17-14.28.41:061][  0]LogTcpMessaging: Initializing TcpMessaging bridge
[2018.06.17-14.28.41:107][  0]LogUdpMessaging: Initializing bridge on interface 0.0.0.0:0 to multicast group 230.0.0.1:6666.
[2018.06.17-14.28.41:889][  0]LogMaterial: Uniform references updated for custom material expression Custom.
[2018.06.17-14.28.42:399][  0]SourceControl: Source control is disabled
[2018.06.17-14.28.43:788][  0]LogAndroidPermission: UAndroidPermissionCallbackProxy::GetInstance
[2018.06.17-14.28.44:094][  0]LogOcInput: OculusInput pre-init called
[2018.06.17-14.28.44:429][  0]LogEngine: Initializing Engine...
[2018.06.17-14.28.44:431][  0]LogHMD: Failed to initialize OpenVR with code 110
[2018.06.17-14.28.44:674][  0]LogStats: UGameplayTagsManager::ConstructGameplayTagTree: Construct from data asset -  0.000 s
[2018.06.17-14.28.44:674][  0]LogStats: UGameplayTagsManager::ConstructGameplayTagTree: GameplayTagTreeChangedEvent.Broadcast -  0.000 s
[2018.06.17-14.28.44:851][  0]LogAIModule: Creating AISystem for world Untitled
[2018.06.17-14.28.44:861][  0]LogInit: XAudio2 using 'Hörlurar på headset (Razer ManO'War 7.1)' : 2 channels at 48 kHz using 16 bits per sample (channel mask 0x3)
[2018.06.17-14.28.44:877][  0]LogInit: FAudioDevice initialized.
[2018.06.17-14.28.44:991][  0]LogDerivedDataCache: Saved boot cache 0.11s 94MB C:/Users/Victor Weidar/AppData/Local/UnrealEngine/4.17/DerivedDataCache/Boot.ddc.
[2018.06.17-14.28.45:008][  0]LogInit: Texture streaming: Enabled
[2018.06.17-14.28.45:155][  0]LogEngineSessionManager: EngineSessionManager initialized
[2018.06.17-14.28.45:442][  0]LogInit: Transaction tracking system initialized
[2018.06.17-14.28.45:843][  0]BlueprintLog: New page: Editor Load
[2018.06.17-14.28.46:973][  0]LocalizationService: Localization service is disabled
[2018.06.17-14.28.47:862][  0]LogConsoleResponse: Display: 
[2018.06.17-14.28.48:125][  0]LogCook: Display: Max memory allowance for cook 16384mb min free memory 0mb
[2018.06.17-14.28.48:125][  0]LogCook: Display: Mobile HDR setting 1
[2018.06.17-14.28.48:125][  0]LogGameplayTags: Display: UGameplayTagsManager::DoneAddingNativeTags. DelegateIsBound: 0
[2018.06.17-14.28.48:978][  0]LogFileCache: Scanning file cache for directory 'C:/Users/Victor Weidar/Desktop/GameDev/Robros/Robros-SC/RoBuddies/Content/' took 0.02s
[2018.06.17-14.28.49:459][  0]Cmd: MAP LOAD FILE="../../../../../../Users/Victor Weidar/Desktop/GameDev/Robros/Robros-SC/RoBuddies/Content/ThirdPersonBP/Maps/ThirdPersonExampleMap.umap" TEMPLATE=0 SHOWPROGRESS=1 FEATURELEVEL=3
[2018.06.17-14.28.49:472][  0]LightingResults: New page: Lighting Build
[2018.06.17-14.28.49:525][  0]MapCheck: New page: Map Check
[2018.06.17-14.28.49:525][  0]LightingResults: New page: Lighting Build
[2018.06.17-14.28.50:625][  0]LogAIModule: Creating AISystem for world ThirdPersonExampleMap
[2018.06.17-14.28.50:670][  0]LogEditorServer: Finished looking for orphan Actors (0.000 secs)
[2018.06.17-14.28.50:696][  0]Cmd: MAP CHECKDEP NOCLEARLOG
[2018.06.17-14.28.50:767][  0]MapCheck: Map check complete: 0 Error(s), 0 Warning(s), took 71.286ms to complete.
[2018.06.17-14.28.50:767][  0]LogFileHelpers: Loading map 'ThirdPersonExampleMap' took 1.309
[2018.06.17-14.28.52:749][  0]LogTemp: Executing iPhonePackager certificates Engine -bundlename com.YourCompany.RoBuddies
[2018.06.17-14.28.52:749][  0]LogTemp: CWD: C:\Program Files (x86)\Epic Games\UE_4.17\Engine\Binaries\DotNET\IOS
[2018.06.17-14.28.52:749][  0]LogTemp: Initial Dir: C:\Program Files (x86)\Epic Games\UE_4.17
[2018.06.17-14.28.52:749][  0]LogTemp: Env CWD: C:\Program Files (x86)\Epic Games\UE_4.17\Engine\Binaries\DotNET\IOS
[2018.06.17-14.28.52:749][  0]LogTemp: BranchPath = DESKTOP-LT914LN/C/Program Files (x86)/Epic Games/UE_4.17/Engine/Binaries --- GameBranchPath = DESKTOP-LT914LN/C/Program Files (x86)/Epic Games/UE_4.17/Engine/Binaries
[2018.06.17-14.28.52:749][  0]LogTemp: IPP ERROR: Could not find provision directory 'C:\Users\Victor Weidar\AppData\Local/Apple Computer/MobileDevice/Provisioning Profiles/'.
[2018.06.17-14.28.52:749][  0]LogCollectionManager: Loaded 0 collections in 0.002269 seconds
[2018.06.17-14.28.52:867][  0]LogFileCache: Scanning file cache for directory 'C:/Users/Victor Weidar/Desktop/GameDev/Robros/Robros-SC/RoBuddies/Saved/Collections/' took 0.01s
[2018.06.17-14.28.52:867][  0]LogFileCache: Scanning file cache for directory 'C:/Users/Victor Weidar/Desktop/GameDev/Robros/Robros-SC/RoBuddies/Content/Developers/VictorWeidar/Collections/' took 0.01s
[2018.06.17-14.28.52:867][  0]LogFileCache: Scanning file cache for directory 'C:/Users/Victor Weidar/Desktop/GameDev/Robros/Robros-SC/RoBuddies/Content/Collections/' took 0.01s
[2018.06.17-14.28.52:867][  0]LogCollectionManager: Rebuilt the GUID cache for 0 collections in 0.000000 seconds
[2018.06.17-14.28.52:890][  0]LogContentBrowser: Native class hierarchy populated in 0.0205 seconds. Added 2386 classes and 500 folders.
[2018.06.17-14.28.52:989][  0]LogContentBrowser: Native class hierarchy updated for 'WidgetCarousel' in 0.0010 seconds. Added 0 classes and 0 folders.
[2018.06.17-14.28.53:193][  0]LogContentBrowser: Native class hierarchy updated for 'AddContentDialog' in 0.0007 seconds. Added 0 classes and 0 folders.
[2018.06.17-14.28.53:270][  0]LogContentBrowser: Native class hierarchy updated for 'SceneOutliner' in 0.0007 seconds. Added 1 classes and 2 folders.
[2018.06.17-14.28.53:502][  0]LogContentBrowser: Native class hierarchy updated for 'HierarchicalLODOutliner' in 0.0007 seconds. Added 1 classes and 2 folders.
[2018.06.17-14.28.53:502][  0]LogLoad: (Engine Initialization) Total time: 24.09 seconds
[2018.06.17-14.28.53:502][  0]LogLoad: (Engine Initialization) Total Blueprint compile time: 0.00 seconds
[2018.06.17-14.28.53:503][  0]LogExternalProfiler: Found external profiler: VSPerf
[2018.06.17-14.28.53:503][  0]LogExternalProfiler: Using external profiler: VSPerf
[2018.06.17-14.28.53:892][  0]SourceControl: On branch master
[2018.06.17-14.28.53:892][  0]SourceControl: Your branch is up-to-date with 'origin/master'.
[2018.06.17-14.28.53:892][  0]SourceControl: Changes not staged for commit:
[2018.06.17-14.28.53:892][  0]SourceControl:   (use "git add <file>..." to update what will be committed)
[2018.06.17-14.28.53:892][  0]SourceControl:   (use "git checkout -- <file>..." to discard changes in working directory)
[2018.06.17-14.28.53:892][  0]SourceControl: 	modified:   RoBuddies/Intermediate/CachedAssetRegistry.bin
[2018.06.17-14.28.53:892][  0]SourceControl: 	modified:   RoBuddies/Saved/Config/Windows/Editor.ini
[2018.06.17-14.28.53:892][  0]SourceControl: 	modified:   RoBuddies/Saved/Config/Windows/Engine.ini
[2018.06.17-14.28.53:892][  0]SourceControl: 	modified:   RoBuddies/Saved/Logs/RoBuddies.log
[2018.06.17-14.28.53:892][  0]SourceControl: no changes added to commit (use "git add" and/or "git commit -a")
[2018.06.17-14.28.53:892][  0]LogContentStreaming: Texture pool size now 1000 MB
[2018.06.17-14.28.53:893][  0]LogSlate: Took 0.000237 seconds to synchronously load lazily loaded font '../../../Engine/Content/Slate/Fonts/Roboto-Regular.ttf' (155K)
[2018.06.17-14.28.53:896][  0]LogSlate: Took 0.000187 seconds to synchronously load lazily loaded font '../../../Engine/Content/Slate/Fonts/Roboto-Bold.ttf' (160K)
[2018.06.17-14.28.53:909][  0]LogSlate: Took 0.005703 seconds to synchronously load lazily loaded font '../../../Engine/Content/Editor/Slate/Fonts/FontAwesome.ttf' (139K)
[2018.06.17-14.28.53:970][  0]LogRenderer: Reallocating scene render targets to support 64x64 Format 10 NumSamples 1 (Frame:1).
[2018.06.17-14.28.54:120][  0]LogRenderer: Reallocating scene render targets to support 876x424 Format 10 NumSamples 1 (Frame:1).
[2018.06.17-14.28.54:120][  0]LogSlate: Took 0.002071 seconds to synchronously load lazily loaded font '../../../Engine/Content/Slate/Fonts/Roboto-Light.ttf' (159K)
[2018.06.17-14.28.54:211][  1]LogAssetRegistry: Asset discovery search completed in 18.0522 seconds
[2018.06.17-14.28.54:214][  1]LogCollectionManager: Rebuilt the object cache for 0 collections in 0.000002 seconds (found 0 objects)
[2018.06.17-14.28.54:214][  1]LogCollectionManager: Fixed up redirectors for 0 collections in 0.000110 seconds (updated 0 objects)
[2018.06.17-14.28.54:874][  3]LogSlate: Took 0.003866 seconds to synchronously load lazily loaded font '../../../Engine/Content/Slate/Fonts/Roboto-Light.ttf' (159K)
[2018.06.17-14.29.03:431][209]LogRenderer: Reallocating scene render targets to support 1316x672 Format 10 NumSamples 1 (Frame:153).
[2018.06.17-14.29.06:082][363]LogSlate: Took 0.000243 seconds to synchronously load lazily loaded font '../../../Engine/Content/Slate/Fonts/Roboto-Light.ttf' (159K)
[2018.06.17-14.29.06:477][363]LogAIModule: Creating AISystem for world L_LaunchStation
[2018.06.17-14.29.06:527][363]Cmd: MAP LOAD FILE="../../../../../../Users/Victor Weidar/Desktop/GameDev/Robros/Robros-SC/RoBuddies/Content/MyStuff/Maps/L_LaunchStation.umap" TEMPLATE=0 SHOWPROGRESS=1 FEATURELEVEL=3
[2018.06.17-14.29.06:527][363]LightingResults: New page: Lighting Build
[2018.06.17-14.29.06:527][363]LoadErrors: New page: Loading map: L_LaunchStation.umap
[2018.06.17-14.29.06:530][363]MapCheck: New page: Map Check
[2018.06.17-14.29.06:530][363]LightingResults: New page: Lighting Build
[2018.06.17-14.29.06:790][363]LogEditorServer: Finished looking for orphan Actors (0.000 secs)
[2018.06.17-14.29.06:853][363]Cmd: MAP CHECKDEP NOCLEARLOG
[2018.06.17-14.29.06:929][363]MapCheck: Map check complete: 0 Error(s), 0 Warning(s), took 75.389ms to complete.
[2018.06.17-14.29.06:929][363]LogFileHelpers: Loading map 'L_LaunchStation' took 0.404
[2018.06.17-14.29.07:003][365]LogStaticMesh: Allocated 415x64x64 distance field atlas = 3.2Mb, with 53 objects containing 2.5Mb backing data
[2018.06.17-14.29.14:312][611]LogEditorViewport: Clicking on Actor (LMB): BPI_FuelTankHolder_C (BPI_FuelTankHolder)
[2018.06.17-14.29.16:146][714]Cmd: DUPLICATE
[2018.06.17-14.29.16:146][714]Cmd: ACTOR DUPLICATE
[2018.06.17-14.29.24:143][185]Cmd: DUPLICATE
[2018.06.17-14.29.24:143][185]Cmd: ACTOR DUPLICATE
[2018.06.17-14.29.34:356][792]Cmd: DUPLICATE
[2018.06.17-14.29.34:356][792]Cmd: ACTOR DUPLICATE
[2018.06.17-14.29.41:401][206]Cmd: DUPLICATE
[2018.06.17-14.29.41:402][206]Cmd: ACTOR DUPLICATE
[2018.06.17-14.29.44:197][366]LogEditorViewport: Clicking on Actor (LMB): BPI_FuelTankHolder_C (BPI_FuelTankHolder4)
[2018.06.17-14.29.46:980][531]LogEditorViewport: Clicking on Actor (LMB): BPI_FuelTankHolder_C (BPI_FuelTankHolder5)
[2018.06.17-14.29.53:700][929]LogEditorViewport: Clicking on Actor (LMB): Landscape (Landscape1)
[2018.06.17-14.29.56:892][110]LogTemp: Repeating last play command: Selected Viewport
[2018.06.17-14.29.56:961][110]LogBlueprintUserMessages: Early PlayInEditor Detection: Level '/Game/MyStuff/Maps/L_LaunchStation.L_LaunchStation:PersistentLevel' has LevelScriptBlueprint '/Game/MyStuff/Maps/L_LaunchStation.L_LaunchStation:PersistentLevel.L_LaunchStation' with GeneratedClass '/Game/MyStuff/Maps/L_LaunchStation.L_LaunchStation_C' with ClassGeneratedBy '/Game/MyStuff/Maps/L_LaunchStation.L_LaunchStation:PersistentLevel.L_LaunchStation'
[2018.06.17-14.29.56:962][110]LogPlayLevel: PlayLevel: No blueprints needed recompiling
[2018.06.17-14.29.56:967][110]PIE: New page: PIE session: L_LaunchStation (Jun 18, 2018, 10:29:56 AM)
[2018.06.17-14.29.56:967][110]LogPlayLevel: Creating play world package: /Game/MyStuff/Maps/UEDPIE_0_L_LaunchStation
[2018.06.17-14.29.56:984][110]LogPlayLevel: PIE: StaticDuplicateObject took: (0.016860s)
[2018.06.17-14.29.56:985][110]LogAIModule: Creating AISystem for world L_LaunchStation
[2018.06.17-14.29.56:985][110]LogPlayLevel: PIE: World Init took: (0.000745s)
[2018.06.17-14.29.56:986][110]LogPlayLevel: PIE: Created PIE world by copying editor world from /Game/MyStuff/Maps/L_LaunchStation.L_LaunchStation to /Game/MyStuff/Maps/UEDPIE_0_L_LaunchStation.L_LaunchStation (0.019223s)
[2018.06.17-14.29.57:004][110]LogInit: XAudio2 using 'Hörlurar på headset (Razer ManO'War 7.1)' : 2 channels at 48 kHz using 16 bits per sample (channel mask 0x3)
[2018.06.17-14.29.57:013][110]LogInit: FAudioDevice initialized.
[2018.06.17-14.29.57:067][110]LogLoad: Game class is 'RoBuddiesGameMode_C'
[2018.06.17-14.29.57:083][110]LogWorld: Bringing World /Game/MyStuff/Maps/UEDPIE_0_L_LaunchStation.L_LaunchStation up for play (max tick rate 60) at 2018.06.18-00.29.57
[2018.06.17-14.29.57:090][110]LogWorld: Bringing up level for play took: 0.011043
[2018.06.17-14.29.57:160][110]LogContentBrowser: Native class hierarchy updated for 'MovieSceneCapture' in 0.0009 seconds. Added 11 classes and 0 folders.
[2018.06.17-14.29.57:188][110]PIE: Play in editor start time for /Game/MyStuff/Maps/UEDPIE_0_L_LaunchStation -0.353
[2018.06.17-14.29.57:188][110]LogBlueprintUserMessages: Late PlayInEditor Detection: Level '/Game/MyStuff/Maps/L_LaunchStation.L_LaunchStation:PersistentLevel' has LevelScriptBlueprint '/Game/MyStuff/Maps/L_LaunchStation.L_LaunchStation:PersistentLevel.L_LaunchStation' with GeneratedClass '/Game/MyStuff/Maps/L_LaunchStation.L_LaunchStation_C' with ClassGeneratedBy '/Game/MyStuff/Maps/L_LaunchStation.L_LaunchStation:PersistentLevel.L_LaunchStation'
[2018.06.17-14.30.17:950][353]LogBlueprintUserMessages: [BPI_FuelTankHolder3] TANK ALREADY PLACED
[2018.06.17-14.30.18:342][377]LogBlueprintUserMessages: [BPI_FuelTankHolder2] TANK ALREADY PLACED
[2018.06.17-14.30.19:891][470]LogBlueprintUserMessages: [BPI_FuelTankHolder_766] TANK ALREADY PLACED
[2018.06.17-14.30.20:408][501]LogBlueprintUserMessages: [BPI_FuelTankHolder_766] TANK ALREADY PLACED
[2018.06.17-14.30.20:775][523]LogBlueprintUserMessages: [BPI_FuelTankHolder_766] TANK ALREADY PLACED
[2018.06.17-14.30.21:042][539]LogBlueprintUserMessages: [BPI_FuelTankHolder_766] TANK ALREADY PLACED
[2018.06.17-14.30.21:658][576]LogBlueprintUserMessages: [BPI_FuelTankHolder2] TANK ALREADY PLACED
[2018.06.17-14.30.22:208][609]LogBlueprintUserMessages: [BPI_FuelTankHolder2] TANK ALREADY PLACED
[2018.06.17-14.30.22:859][648]LogBlueprintUserMessages: [BPI_FuelTankHolder3] TANK ALREADY PLACED
[2018.06.17-14.30.27:011][897]LogBlueprintUserMessages: Early EndPlayMap Detection: Level '/Game/MyStuff/Maps/L_LaunchStation.L_LaunchStation:PersistentLevel' has LevelScriptBlueprint '/Game/MyStuff/Maps/L_LaunchStation.L_LaunchStation:PersistentLevel.L_LaunchStation' with GeneratedClass '/Game/MyStuff/Maps/L_LaunchStation.L_LaunchStation_C' with ClassGeneratedBy '/Game/MyStuff/Maps/L_LaunchStation.L_LaunchStation:PersistentLevel.L_LaunchStation'
[2018.06.17-14.30.27:063][897]LogBlueprintUserMessages: Late EndPlayMap Detection: Level '/Game/MyStuff/Maps/L_LaunchStation.L_LaunchStation:PersistentLevel' has LevelScriptBlueprint '/Game/MyStuff/Maps/L_LaunchStation.L_LaunchStation:PersistentLevel.L_LaunchStation' with GeneratedClass '/Game/MyStuff/Maps/L_LaunchStation.L_LaunchStation_C' with ClassGeneratedBy '/Game/MyStuff/Maps/L_LaunchStation.L_LaunchStation:PersistentLevel.L_LaunchStation'
[2018.06.17-14.31.14:564][282]LogSavePackage: Save=342.35ms
[2018.06.17-14.31.14:564][282]LogSavePackage: Moving '../../../../../../Users/Victor Weidar/Desktop/GameDev/Robros/Robros-SC/RoBuddies/Saved/L_LaunchStationB12A7A714F42F186737B239A4552CA10.tmp' to '../../../../../../Users/Victor Weidar/Desktop/GameDev/Robros/Robros-SC/RoBuddies/Content/MyStuff/Maps/L_LaunchStation.umap'
[2018.06.17-14.31.14:567][282]LogSavePackage: Display: Finished SavePackage ../../../../../../Users/Victor Weidar/Desktop/GameDev/Robros/Robros-SC/RoBuddies/Content/MyStuff/Maps/L_LaunchStation.umap
[2018.06.17-14.31.15:193][282]LogSavePackage: Save=439.55ms
[2018.06.17-14.31.15:193][282]LogSavePackage: Moving '../../../../../../Users/Victor Weidar/Desktop/GameDev/Robros/Robros-SC/RoBuddies/Saved/L_LaunchStation_BuiltData5E7DFFB84D82A39E0E728F82D3A2ED89.tmp' to '../../../../../../Users/Victor Weidar/Desktop/GameDev/Robros/Robros-SC/RoBuddies/Content/MyStuff/Maps/L_LaunchStation_BuiltData.uasset'
[2018.06.17-14.31.15:196][282]LogSavePackage: Display: Finished SavePackage ../../../../../../Users/Victor Weidar/Desktop/GameDev/Robros/Robros-SC/RoBuddies/Content/MyStuff/Maps/L_LaunchStation_BuiltData.uasset
[2018.06.17-14.31.20:651][594]LogEditorViewport: Clicking on Actor (LMB): BP_FuelTank_C (BP_FuelTank6)
[2018.06.17-14.31.23:606][758]Cmd: DELETE
[2018.06.17-14.31.23:607][758]Cmd: ACTOR DELETE
[2018.06.17-14.31.23:608][758]LogEditorActor: Deleted Actor: BP_FuelTank_C
[2018.06.17-14.31.23:608][758]LogEditorActor: Deleted Actor: BP_FuelTank_C
[2018.06.17-14.31.23:608][758]LogEditorActor: Deleted Actor: BP_FuelTank_C
[2018.06.17-14.31.23:609][758]LogEditorActor: Deleted Actor: BP_FuelTank_C
[2018.06.17-14.31.23:609][758]LogEditorActor: Deleted Actor: BP_FuelTank_C
[2018.06.17-14.31.23:620][758]LogEditorActor: Deleted 5 Actors (0.013 secs)
[2018.06.17-14.31.25:693][856]LogSavePackage: Save=311.06ms
[2018.06.17-14.31.25:693][856]LogSavePackage: Moving '../../../../../../Users/Victor Weidar/Desktop/GameDev/Robros/Robros-SC/RoBuddies/Saved/L_LaunchStation12D30AFF43F5DA9EDD798C91D0637FED.tmp' to '../../../../../../Users/Victor Weidar/Desktop/GameDev/Robros/Robros-SC/RoBuddies/Content/MyStuff/Maps/L_LaunchStation.umap'
[2018.06.17-14.31.25:697][856]LogSavePackage: Display: Finished SavePackage ../../../../../../Users/Victor Weidar/Desktop/GameDev/Robros/Robros-SC/RoBuddies/Content/MyStuff/Maps/L_LaunchStation.umap
[2018.06.17-14.31.26:179][856]LogSavePackage: Save=344.95ms
[2018.06.17-14.31.26:179][856]LogSavePackage: Moving '../../../../../../Users/Victor Weidar/Desktop/GameDev/Robros/Robros-SC/RoBuddies/Saved/L_LaunchStation_BuiltData549AFA8A4B428B7FF3D9FEAF66413A5D.tmp' to '../../../../../../Users/Victor Weidar/Desktop/GameDev/Robros/Robros-SC/RoBuddies/Content/MyStuff/Maps/L_LaunchStation_BuiltData.uasset'
[2018.06.17-14.31.26:183][856]LogSavePackage: Display: Finished SavePackage ../../../../../../Users/Victor Weidar/Desktop/GameDev/Robros/Robros-SC/RoBuddies/Content/MyStuff/Maps/L_LaunchStation_BuiltData.uasset
[2018.06.17-14.31.36:939][452]LogContentBrowser: Native class hierarchy updated for 'BlueprintGraph' in 0.0011 seconds. Added 113 classes and 0 folders.
[2018.06.17-14.31.37:747][452]LogSlate: Took 0.002090 seconds to synchronously load lazily loaded font '../../../Engine/Content/Editor/Slate/Fonts/Roboto-BoldCondensed.ttf' (158K)
[2018.06.17-14.31.56:628][423]LogSlate: Took 0.006539 seconds to synchronously load lazily loaded font '../../../Engine/Content/Editor/Slate/Fonts/Roboto-BoldCondensedItalic.ttf' (160K)
[2018.06.17-14.32.03:957][861]BlueprintLog: New page: Compile L_LaunchStation
[2018.06.17-14.32.04:501][861]LogSavePackage: Save=300.93ms
[2018.06.17-14.32.04:502][861]LogSavePackage: Moving '../../../../../../Users/Victor Weidar/Desktop/GameDev/Robros/Robros-SC/RoBuddies/Saved/L_LaunchStation3AF333C64BCFA171E92C949DA8029C97.tmp' to '../../../../../../Users/Victor Weidar/Desktop/GameDev/Robros/Robros-SC/RoBuddies/Content/MyStuff/Maps/L_LaunchStation.umap'
[2018.06.17-14.32.04:504][861]LogSavePackage: Display: Finished SavePackage ../../../../../../Users/Victor Weidar/Desktop/GameDev/Robros/Robros-SC/RoBuddies/Content/MyStuff/Maps/L_LaunchStation.umap
[2018.06.17-14.32.04:541][861]LogFileHelpers: Saving map 'L_LaunchStation' took 0.446
[2018.06.17-14.32.19:963][786]BlueprintLog: New page: Compile L_LaunchStation
[2018.06.17-14.32.20:506][786]LogSavePackage: Save=310.68ms
[2018.06.17-14.32.20:506][786]LogSavePackage: Moving '../../../../../../Users/Victor Weidar/Desktop/GameDev/Robros/Robros-SC/RoBuddies/Saved/L_LaunchStation4CB534D24C6C8A14B95FE2A6E4051CBB.tmp' to '../../../../../../Users/Victor Weidar/Desktop/GameDev/Robros/Robros-SC/RoBuddies/Content/MyStuff/Maps/L_LaunchStation.umap'
[2018.06.17-14.32.20:509][786]LogSavePackage: Display: Finished SavePackage ../../../../../../Users/Victor Weidar/Desktop/GameDev/Robros/Robros-SC/RoBuddies/Content/MyStuff/Maps/L_LaunchStation.umap
[2018.06.17-14.32.20:543][786]LogFileHelpers: Saving map 'L_LaunchStation' took 0.454
[2018.06.17-14.33.40:573][554]LogStaticMesh: Allocated 449x64x64 distance field atlas = 3.5Mb, with 54 objects containing 2.8Mb backing data
[2018.06.17-14.33.40:573][554]LogSlate: Took 0.002212 seconds to synchronously load lazily loaded font '../../../Engine/Content/Editor/Slate/Fonts/Roboto-Italic.ttf' (157K)
[2018.06.17-14.34.28:492][385]BlueprintLog: New page: Compile RoBuddiesGameMode
[2018.06.17-14.34.30:026][385]LogSavePackage: Save=35.04ms
[2018.06.17-14.34.30:026][385]LogSavePackage: Moving '../../../../../../Users/Victor Weidar/Desktop/GameDev/Robros/Robros-SC/RoBuddies/Saved/RoBuddiesGameMode50E03D4C45964C3A749ED8829B37AC3A.tmp' to '../../../../../../Users/Victor Weidar/Desktop/GameDev/Robros/Robros-SC/RoBuddies/Content/MyStuff/BP/RoBuddiesGameMode.uasset'
[2018.06.17-14.34.30:029][385]LogSavePackage: Display: Finished SavePackage ../../../../../../Users/Victor Weidar/Desktop/GameDev/Robros/Robros-SC/RoBuddies/Content/MyStuff/BP/RoBuddiesGameMode.uasset
[2018.06.17-14.34.30:665][408]LogSavePackage: Save=27.96ms
[2018.06.17-14.34.30:665][408]LogSavePackage: Moving '../../../../../../Users/Victor Weidar/Desktop/GameDev/Robros/Robros-SC/RoBuddies/Saved/RoBuddiesGameMode4EBE84444EEB0B6BC6B1A2B65252D69F.tmp' to '../../../../../../Users/Victor Weidar/Desktop/GameDev/Robros/Robros-SC/RoBuddies/Content/MyStuff/BP/RoBuddiesGameMode.uasset'
[2018.06.17-14.34.30:667][408]LogSavePackage: Display: Finished SavePackage ../../../../../../Users/Victor Weidar/Desktop/GameDev/Robros/Robros-SC/RoBuddies/Content/MyStuff/BP/RoBuddiesGameMode.uasset
[2018.06.17-14.36.28:614][583]BlueprintLog: New page: Compile RoBuddiesGameMode
[2018.06.17-14.36.30:106][583]LogSavePackage: Save=36.13ms
[2018.06.17-14.36.30:106][583]LogSavePackage: Moving '../../../../../../Users/Victor Weidar/Desktop/GameDev/Robros/Robros-SC/RoBuddies/Saved/RoBuddiesGameMode0BDECCDA424089CEFAE85C9FF587CE89.tmp' to '../../../../../../Users/Victor Weidar/Desktop/GameDev/Robros/Robros-SC/RoBuddies/Content/MyStuff/BP/RoBuddiesGameMode.uasset'
[2018.06.17-14.36.30:109][583]LogSavePackage: Display: Finished SavePackage ../../../../../../Users/Victor Weidar/Desktop/GameDev/Robros/Robros-SC/RoBuddies/Content/MyStuff/BP/RoBuddiesGameMode.uasset
[2018.06.17-14.36.36:210][916]LogEditorViewport: Clicking on Actor (LMB): BPI_FuelTankHolder_C (BPI_FuelTankHolder)
[2018.06.17-14.39.12:729][235]BlueprintLog: New page: Compile BPI_FuelTankHolder
[2018.06.17-14.39.13:693][235]LogSavePackage: Save=55.68ms
[2018.06.17-14.39.13:693][235]LogSavePackage: Moving '../../../../../../Users/Victor Weidar/Desktop/GameDev/Robros/Robros-SC/RoBuddies/Saved/BPI_FuelTankHolder4F2A7AC345198617CAD0B0A812CA034E.tmp' to '../../../../../../Users/Victor Weidar/Desktop/GameDev/Robros/Robros-SC/RoBuddies/Content/MyStuff/BP/InteractiveBP/BPI_FuelTankHolder.uasset'
[2018.06.17-14.39.13:697][235]LogSavePackage: Display: Finished SavePackage ../../../../../../Users/Victor Weidar/Desktop/GameDev/Robros/Robros-SC/RoBuddies/Content/MyStuff/BP/InteractiveBP/BPI_FuelTankHolder.uasset
[2018.06.17-14.39.32:298][346]BlueprintLog: New page: Compile RoBuddiesGameMode
[2018.06.17-14.39.33:829][346]LogSavePackage: Save=36.84ms
[2018.06.17-14.39.33:829][346]LogSavePackage: Moving '../../../../../../Users/Victor Weidar/Desktop/GameDev/Robros/Robros-SC/RoBuddies/Saved/RoBuddiesGameMode972C951E4DF941B7B1CA63AF17EDB907.tmp' to '../../../../../../Users/Victor Weidar/Desktop/GameDev/Robros/Robros-SC/RoBuddies/Content/MyStuff/BP/RoBuddiesGameMode.uasset'
[2018.06.17-14.39.33:832][346]LogSavePackage: Display: Finished SavePackage ../../../../../../Users/Victor Weidar/Desktop/GameDev/Robros/Robros-SC/RoBuddies/Content/MyStuff/BP/RoBuddiesGameMode.uasset
[2018.06.17-14.39.34:561][378]LogSavePackage: Save=35.96ms
[2018.06.17-14.39.34:561][378]LogSavePackage: Moving '../../../../../../Users/Victor Weidar/Desktop/GameDev/Robros/Robros-SC/RoBuddies/Saved/RoBuddiesGameMode49CBFCAC4DB85350DBDB498E8C6CA63D.tmp' to '../../../../../../Users/Victor Weidar/Desktop/GameDev/Robros/Robros-SC/RoBuddies/Content/MyStuff/BP/RoBuddiesGameMode.uasset'
[2018.06.17-14.39.34:563][378]LogSavePackage: Display: Finished SavePackage ../../../../../../Users/Victor Weidar/Desktop/GameDev/Robros/Robros-SC/RoBuddies/Content/MyStuff/BP/RoBuddiesGameMode.uasset
[2018.06.17-14.40.15:569][819]BlueprintLog: New page: Compile BPI_FuelTankHolder
[2018.06.17-14.40.16:541][819]LogSavePackage: Save=54.18ms
[2018.06.17-14.40.16:541][819]LogSavePackage: Moving '../../../../../../Users/Victor Weidar/Desktop/GameDev/Robros/Robros-SC/RoBuddies/Saved/BPI_FuelTankHolder6F170AEA43C3000BA12278972BBB9468.tmp' to '../../../../../../Users/Victor Weidar/Desktop/GameDev/Robros/Robros-SC/RoBuddies/Content/MyStuff/BP/InteractiveBP/BPI_FuelTankHolder.uasset'
[2018.06.17-14.40.16:543][819]LogSavePackage: Display: Finished SavePackage ../../../../../../Users/Victor Weidar/Desktop/GameDev/Robros/Robros-SC/RoBuddies/Content/MyStuff/BP/InteractiveBP/BPI_FuelTankHolder.uasset
[2018.06.17-14.40.17:139][844]LogSavePackage: Save=44.99ms
[2018.06.17-14.40.17:139][844]LogSavePackage: Moving '../../../../../../Users/Victor Weidar/Desktop/GameDev/Robros/Robros-SC/RoBuddies/Saved/BPI_FuelTankHolderB01BD65D4F95167E6F904883E150CB66.tmp' to '../../../../../../Users/Victor Weidar/Desktop/GameDev/Robros/Robros-SC/RoBuddies/Content/MyStuff/BP/InteractiveBP/BPI_FuelTankHolder.uasset'
[2018.06.17-14.40.17:141][844]LogSavePackage: Display: Finished SavePackage ../../../../../../Users/Victor Weidar/Desktop/GameDev/Robros/Robros-SC/RoBuddies/Content/MyStuff/BP/InteractiveBP/BPI_FuelTankHolder.uasset
[2018.06.17-14.41.09:310][933]BlueprintLog: New page: Compile RoBuddiesGameMode
[2018.06.17-14.41.10:918][933]LogSavePackage: Save=38.66ms
[2018.06.17-14.41.10:918][933]LogSavePackage: Moving '../../../../../../Users/Victor Weidar/Desktop/GameDev/Robros/Robros-SC/RoBuddies/Saved/RoBuddiesGameMode6CB74B0B4A851009BDCE5F8AE3BFBAD2.tmp' to '../../../../../../Users/Victor Weidar/Desktop/GameDev/Robros/Robros-SC/RoBuddies/Content/MyStuff/BP/RoBuddiesGameMode.uasset'
[2018.06.17-14.41.10:921][933]LogSavePackage: Display: Finished SavePackage ../../../../../../Users/Victor Weidar/Desktop/GameDev/Robros/Robros-SC/RoBuddies/Content/MyStuff/BP/RoBuddiesGameMode.uasset
[2018.06.17-14.41.11:573][960]LogSavePackage: Save=38.36ms
[2018.06.17-14.41.11:573][960]LogSavePackage: Moving '../../../../../../Users/Victor Weidar/Desktop/GameDev/Robros/Robros-SC/RoBuddies/Saved/RoBuddiesGameModeAAE0B2C1423486E20997EFA09E3624AE.tmp' to '../../../../../../Users/Victor Weidar/Desktop/GameDev/Robros/Robros-SC/RoBuddies/Content/MyStuff/BP/RoBuddiesGameMode.uasset'
[2018.06.17-14.41.11:575][960]LogSavePackage: Display: Finished SavePackage ../../../../../../Users/Victor Weidar/Desktop/GameDev/Robros/Robros-SC/RoBuddies/Content/MyStuff/BP/RoBuddiesGameMode.uasset
[2018.06.17-14.41.38:966][477]LogActorComponent: UnregisterComponent: (/Engine/Transient.EditorFloorComp) Not registered. Aborting.
[2018.06.17-14.41.39:041][477]LogActorComponent: UnregisterComponent: (/Engine/Transient.EditorFloorComp) Not registered. Aborting.
[2018.06.17-14.41.40:852][477]SourceControl: rm 'RoBuddies/Content/MyStuff/BP/InteractiveBP/BP_FuelHolder.uasset'
[2018.06.17-14.41.52:648][167]LogEditorViewport: Clicking on Actor (context menu): StaticMeshActor (Cube7)
[2018.06.17-14.41.54:377][264]LogEditorViewport: Clicking on Actor (LMB): BP_FuelTank_C (BP_FuelTank)
[2018.06.17-14.41.55:331][319]Cmd: DUPLICATE
[2018.06.17-14.41.55:331][319]Cmd: ACTOR DUPLICATE
[2018.06.17-14.41.57:302][435]Cmd: DUPLICATE
[2018.06.17-14.41.57:302][435]Cmd: ACTOR DUPLICATE
[2018.06.17-14.42.02:160][721]Cmd: DUPLICATE
[2018.06.17-14.42.02:160][721]Cmd: ACTOR DUPLICATE
[2018.06.17-14.42.04:375][851]LogEditorViewport: Clicking on Actor (LMB): BP_FuelTank_C (BP_FuelTank)
[2018.06.17-14.42.05:336][906]Cmd: DUPLICATE
[2018.06.17-14.42.05:336][906]Cmd: ACTOR DUPLICATE
[2018.06.17-14.42.09:049][123]LogTemp: Repeating last play command: Selected Viewport
[2018.06.17-14.42.09:073][123]LogBlueprintUserMessages: Early PlayInEditor Detection: Level '/Game/MyStuff/Maps/L_LaunchStation.L_LaunchStation:PersistentLevel' has LevelScriptBlueprint '/Game/MyStuff/Maps/L_LaunchStation.L_LaunchStation:PersistentLevel.L_LaunchStation' with GeneratedClass '/Game/MyStuff/Maps/L_LaunchStation.L_LaunchStation_C' with ClassGeneratedBy '/Game/MyStuff/Maps/L_LaunchStation.L_LaunchStation:PersistentLevel.L_LaunchStation'
[2018.06.17-14.42.09:073][123]LogPlayLevel: PlayLevel: No blueprints needed recompiling
[2018.06.17-14.42.09:073][123]PIE: New page: PIE session: L_LaunchStation (Jun 18, 2018, 10:42:09 AM)
[2018.06.17-14.42.09:073][123]LogPlayLevel: Creating play world package: /Game/MyStuff/Maps/UEDPIE_0_L_LaunchStation
[2018.06.17-14.42.09:087][123]LogPlayLevel: PIE: StaticDuplicateObject took: (0.014065s)
[2018.06.17-14.42.09:088][123]LogAIModule: Creating AISystem for world L_LaunchStation
[2018.06.17-14.42.09:088][123]LogPlayLevel: PIE: World Init took: (0.000663s)
[2018.06.17-14.42.09:088][123]LogPlayLevel: PIE: Created PIE world by copying editor world from /Game/MyStuff/Maps/L_LaunchStation.L_LaunchStation to /Game/MyStuff/Maps/UEDPIE_0_L_LaunchStation.L_LaunchStation (0.014970s)
[2018.06.17-14.42.09:115][123]LogInit: XAudio2 using 'Hörlurar på headset (Razer ManO'War 7.1)' : 2 channels at 48 kHz using 16 bits per sample (channel mask 0x3)
[2018.06.17-14.42.09:125][123]LogInit: FAudioDevice initialized.
[2018.06.17-14.42.09:156][123]LogLoad: Game class is 'RoBuddiesGameMode_C'
[2018.06.17-14.42.09:162][123]LogWorld: Bringing World /Game/MyStuff/Maps/UEDPIE_0_L_LaunchStation.L_LaunchStation up for play (max tick rate 60) at 2018.06.18-00.42.09
[2018.06.17-14.42.09:163][123]LogWorld: Bringing up level for play took: 0.005692
[2018.06.17-14.42.09:166][123]PIE: Play in editor start time for /Game/MyStuff/Maps/UEDPIE_0_L_LaunchStation -0.375
[2018.06.17-14.42.09:166][123]LogBlueprintUserMessages: Late PlayInEditor Detection: Level '/Game/MyStuff/Maps/L_LaunchStation.L_LaunchStation:PersistentLevel' has LevelScriptBlueprint '/Game/MyStuff/Maps/L_LaunchStation.L_LaunchStation:PersistentLevel.L_LaunchStation' with GeneratedClass '/Game/MyStuff/Maps/L_LaunchStation.L_LaunchStation_C' with ClassGeneratedBy '/Game/MyStuff/Maps/L_LaunchStation.L_LaunchStation:PersistentLevel.L_LaunchStation'
[2018.06.17-14.42.31:590][466]LogBlueprintUserMessages: [BPI_FuelTankHolder4] TANK ALREADY PLACED
[2018.06.17-14.42.34:572][645]LogBlueprintUserMessages: [RoBuddiesGameMode_C_0] All tanks active
[2018.06.17-14.42.37:440][817]LogBlueprintUserMessages: Early EndPlayMap Detection: Level '/Game/MyStuff/Maps/L_LaunchStation.L_LaunchStation:PersistentLevel' has LevelScriptBlueprint '/Game/MyStuff/Maps/L_LaunchStation.L_LaunchStation:PersistentLevel.L_LaunchStation' with GeneratedClass '/Game/MyStuff/Maps/L_LaunchStation.L_LaunchStation_C' with ClassGeneratedBy '/Game/MyStuff/Maps/L_LaunchStation.L_LaunchStation:PersistentLevel.L_LaunchStation'
[2018.06.17-14.42.37:486][817]LogBlueprintUserMessages: Late EndPlayMap Detection: Level '/Game/MyStuff/Maps/L_LaunchStation.L_LaunchStation:PersistentLevel' has LevelScriptBlueprint '/Game/MyStuff/Maps/L_LaunchStation.L_LaunchStation:PersistentLevel.L_LaunchStation' with GeneratedClass '/Game/MyStuff/Maps/L_LaunchStation.L_LaunchStation_C' with ClassGeneratedBy '/Game/MyStuff/Maps/L_LaunchStation.L_LaunchStation:PersistentLevel.L_LaunchStation'
[2018.06.17-14.42.38:849][868]LogSavePackage: Save=327.01ms
[2018.06.17-14.42.38:849][868]LogSavePackage: Moving '../../../../../../Users/Victor Weidar/Desktop/GameDev/Robros/Robros-SC/RoBuddies/Saved/L_LaunchStationEE5CE091407444E5D8AE3BBF9253E341.tmp' to '../../../../../../Users/Victor Weidar/Desktop/GameDev/Robros/Robros-SC/RoBuddies/Content/MyStuff/Maps/L_LaunchStation.umap'
[2018.06.17-14.42.38:852][868]LogSavePackage: Display: Finished SavePackage ../../../../../../Users/Victor Weidar/Desktop/GameDev/Robros/Robros-SC/RoBuddies/Content/MyStuff/Maps/L_LaunchStation.umap
[2018.06.17-14.42.39:329][868]LogSavePackage: Save=330.11ms
[2018.06.17-14.42.39:329][868]LogSavePackage: Moving '../../../../../../Users/Victor Weidar/Desktop/GameDev/Robros/Robros-SC/RoBuddies/Saved/L_LaunchStation_BuiltData55B000A84125ED146E31799B08EB681F.tmp' to '../../../../../../Users/Victor Weidar/Desktop/GameDev/Robros/Robros-SC/RoBuddies/Content/MyStuff/Maps/L_LaunchStation_BuiltData.uasset'
[2018.06.17-14.42.39:331][868]LogSavePackage: Display: Finished SavePackage ../../../../../../Users/Victor Weidar/Desktop/GameDev/Robros/Robros-SC/RoBuddies/Content/MyStuff/Maps/L_LaunchStation_BuiltData.uasset
[2018.06.17-14.42.41:802][ 14]SourceControl: fatal: C:/Program Files (x86)/Epic Games/UE_4.17/Engine/Content/: 'C:/Program Files (x86)/Epic Games/UE_4.17/Engine/Content/' is outside repository
[2018.06.17-14.42.57:378][ 14]LogSourceControl: FGitCheckInWorker: commit successful
[2018.06.17-14.42.57:590][ 14]SourceControl: [master 29a5960] Win state triggering when all tanks active
[2018.06.17-14.42.57:590][ 14]SourceControl:  4 files changed, 0 insertions(+), 0 deletions(-)
[2018.06.17-14.42.57:590][ 14]SourceControl:  rewrite RoBuddies/Content/MyStuff/BP/InteractiveBP/BPI_FuelTankHolder.uasset (84%)
[2018.06.17-14.42.57:590][ 14]SourceControl:  delete mode 100644 RoBuddies/Content/MyStuff/BP/InteractiveBP/BP_FuelHolder.uasset
[2018.06.17-14.42.57:590][ 14]SourceControl:  rewrite RoBuddies/Content/MyStuff/BP/RoBuddiesGameMode.uasset (84%)
[2018.06.17-14.42.57:598][ 14]SourceControl: Commited [master 29a5960] Win state triggering when all tanks active.
[2018.06.17-14.43.00:126][137]LogSavePackage: Save=331.98ms
[2018.06.17-14.43.00:127][137]LogSavePackage: Moving '../../../../../../Users/Victor Weidar/Desktop/GameDev/Robros/Robros-SC/RoBuddies/Saved/L_LaunchStation577CFDEA4531690FAF79ED876F5D4FD1.tmp' to '../../../../../../Users/Victor Weidar/Desktop/GameDev/Robros/Robros-SC/RoBuddies/Content/MyStuff/Maps/L_LaunchStation.umap'
[2018.06.17-14.43.00:128][137]LogSavePackage: Display: Finished SavePackage ../../../../../../Users/Victor Weidar/Desktop/GameDev/Robros/Robros-SC/RoBuddies/Content/MyStuff/Maps/L_LaunchStation.umap
[2018.06.17-14.43.00:600][137]LogSavePackage: Save=337.04ms
[2018.06.17-14.43.00:600][137]LogSavePackage: Moving '../../../../../../Users/Victor Weidar/Desktop/GameDev/Robros/Robros-SC/RoBuddies/Saved/L_LaunchStation_BuiltDataD9C444724F28D79E077B6F8D25E25C1A.tmp' to '../../../../../../Users/Victor Weidar/Desktop/GameDev/Robros/Robros-SC/RoBuddies/Content/MyStuff/Maps/L_LaunchStation_BuiltData.uasset'
[2018.06.17-14.43.00:602][137]LogSavePackage: Display: Finished SavePackage ../../../../../../Users/Victor Weidar/Desktop/GameDev/Robros/Robros-SC/RoBuddies/Content/MyStuff/Maps/L_LaunchStation_BuiltData.uasset
[2018.06.17-14.43.05:476][312]Cmd: QUIT_EDITOR
[2018.06.17-14.43.06:307][312]LogWindowsTextInputMethodSystem: Display: IME system now deactivated.
[2018.06.17-14.43.06:322][312]LogExit: Preparing to exit.
[2018.06.17-14.43.06:692][312]LogDirectoryWatcher: A directory notification for 'C:/Users/Victor Weidar/Desktop/GameDev/Robros/Robros-SC/RoBuddies/Content/' was aborted.
[2018.06.17-14.43.06:737][312]LogExit: Editor shut down
[2018.06.17-14.43.06:740][312]LogExit: Transaction tracking system shut down
[2018.06.17-14.43.06:825][312]LogDirectoryWatcher: A directory notification for '../../../Engine/Content/' was aborted.
[2018.06.17-14.43.06:825][312]LogDirectoryWatcher: A directory notification for '../../../../../../Users/Victor Weidar/Desktop/GameDev/Robros/Robros-SC/RoBuddies/Content/' was aborted.
[2018.06.17-14.43.06:826][312]LogDirectoryWatcher: A directory notification for '../../../Engine/Plugins/2D/Paper2D/Content/' was aborted.
[2018.06.17-14.43.06:826][312]LogDirectoryWatcher: A directory notification for '../../../Engine/Plugins/Runtime/Oculus/OculusVR/Content/' was aborted.
[2018.06.17-14.43.06:826][312]LogDirectoryWatcher: A directory notification for '../../../Engine/Plugins/Runtime/Steam/SteamVR/Content/' was aborted.
[2018.06.17-14.43.06:965][312]LogExit: Object subsystem successfully closed.
[2018.06.17-14.43.06:993][312]LogD3D11RHI: Shutdown
[2018.06.17-14.43.06:993][312]LogD3D11RHI: CleanupD3DDevice
[2018.06.17-14.43.07:000][312]LogD3D11RHI: ~FD3D11DynamicRHI
[2018.06.17-14.43.07:022][312]LogModuleManager: Shutting down and abandoning module BlueprintGraph (538)
[2018.06.17-14.43.07:022][312]LogModuleManager: Shutting down and abandoning module BlueprintProfiler (536)
[2018.06.17-14.43.07:024][312]LogModuleManager: Shutting down and abandoning module MovieSceneCapture (534)
[2018.06.17-14.43.07:025][312]LogModuleManager: Shutting down and abandoning module HierarchicalLODOutliner (532)
[2018.06.17-14.43.07:025][312]LogModuleManager: Shutting down and abandoning module SceneOutliner (530)
[2018.06.17-14.43.07:025][312]LogModuleManager: Shutting down and abandoning module AddContentDialog (528)
[2018.06.17-14.43.07:026][312]LogDirectoryWatcher: A directory notification for 'C:/Program Files (x86)/Epic Games/UE_4.17/FeaturePacks/' was aborted.
[2018.06.17-14.43.07:028][312]LogModuleManager: Shutting down and abandoning module WidgetCarousel (527)
[2018.06.17-14.43.07:028][312]LogModuleManager: Shutting down and abandoning module EditorWidgets (524)
[2018.06.17-14.43.07:028][312]LogModuleManager: Shutting down and abandoning module CollectionManager (522)
[2018.06.17-14.43.07:028][312]LogDirectoryWatcher: A directory notification for 'C:/Users/Victor Weidar/Desktop/GameDev/Robros/Robros-SC/RoBuddies/Content/Collections/' was aborted.
[2018.06.17-14.43.07:029][312]LogDirectoryWatcher: A directory notification for 'C:/Users/Victor Weidar/Desktop/GameDev/Robros/Robros-SC/RoBuddies/Content/Developers/VictorWeidar/Collections/' was aborted.
[2018.06.17-14.43.07:029][312]LogDirectoryWatcher: A directory notification for 'C:/Users/Victor Weidar/Desktop/GameDev/Robros/Robros-SC/RoBuddies/Saved/Collections/' was aborted.
[2018.06.17-14.43.07:029][312]LogModuleManager: Shutting down and abandoning module ExternalImagePicker (520)
[2018.06.17-14.43.07:029][312]LogModuleManager: Shutting down and abandoning module StatsViewer (518)
[2018.06.17-14.43.07:029][312]LogModuleManager: Shutting down and abandoning module FoliageEdit (516)
[2018.06.17-14.43.07:029][312]LogModuleManager: Shutting down and abandoning module LandscapeEditor (514)
[2018.06.17-14.43.07:029][312]LogModuleManager: Shutting down and abandoning module MeshPaintMode (512)
[2018.06.17-14.43.07:029][312]LogModuleManager: Shutting down and abandoning module SceneDepthPickerMode (510)
[2018.06.17-14.43.07:029][312]LogModuleManager: Shutting down and abandoning module ActorPickerMode (508)
[2018.06.17-14.43.07:029][312]LogModuleManager: Shutting down and abandoning module GeometryMode (506)
[2018.06.17-14.43.07:029][312]LogModuleManager: Shutting down and abandoning module TextureAlignMode (504)
[2018.06.17-14.43.07:029][312]LogModuleManager: Shutting down and abandoning module BspMode (502)
[2018.06.17-14.43.07:029][312]LogModuleManager: Shutting down and abandoning module PIEPreviewDeviceProfileSelector (500)
[2018.06.17-14.43.07:029][312]LogModuleManager: Shutting down and abandoning module HardwareSurvey (498)
[2018.06.17-14.43.07:029][312]LogModuleManager: Shutting down and abandoning module SequenceRecorderSections (496)
[2018.06.17-14.43.07:029][312]LogModuleManager: Shutting down and abandoning module AutomationWorker (494)
[2018.06.17-14.43.07:029][312]LogModuleManager: Shutting down and abandoning module MatineeToLevelSequence (492)
[2018.06.17-14.43.07:029][312]LogModuleManager: Shutting down and abandoning module LevelSequenceEditor (490)
[2018.06.17-14.43.07:029][312]LogModuleManager: Shutting down and abandoning module PlacementMode (489)
[2018.06.17-14.43.07:029][312]LogModuleManager: Shutting down and abandoning module WmfMediaFactory (486)
[2018.06.17-14.43.07:029][312]LogModuleManager: Shutting down and abandoning module WmfMediaEditor (484)
[2018.06.17-14.43.07:030][312]LogModuleManager: Shutting down and abandoning module AvfMediaFactory (482)
[2018.06.17-14.43.07:030][312]LogModuleManager: Shutting down and abandoning module AvfMediaEditor (480)
[2018.06.17-14.43.07:030][312]LogModuleManager: Shutting down and abandoning module AndroidMediaFactory (478)
[2018.06.17-14.43.07:030][312]LogModuleManager: Shutting down and abandoning module Media (477)
[2018.06.17-14.43.07:030][312]LogModuleManager: Shutting down and abandoning module AndroidMediaEditor (474)
[2018.06.17-14.43.07:030][312]LogModuleManager: Shutting down and abandoning module CharacterAI (472)
[2018.06.17-14.43.07:030][312]LogModuleManager: Shutting down and abandoning module AudioCapture (470)
[2018.06.17-14.43.07:030][312]LogModuleManager: Shutting down and abandoning module SequenceRecorder (469)
[2018.06.17-14.43.07:030][312]LogModuleManager: Shutting down and abandoning module SmartSnapping (466)
[2018.06.17-14.43.07:030][312]LogModuleManager: Shutting down and abandoning module SessionServices (464)
[2018.06.17-14.43.07:030][312]LogModuleManager: Shutting down and abandoning module ViewportSnapping (462)
[2018.06.17-14.43.07:030][312]LogModuleManager: Shutting down and abandoning module ViewportInteraction (460)
[2018.06.17-14.43.07:030][312]LogModuleManager: Shutting down and abandoning module ClothPainter (458)
[2018.06.17-14.43.07:030][312]LogModuleManager: Shutting down and abandoning module LogVisualizer (456)
[2018.06.17-14.43.07:030][312]LogModuleManager: Shutting down and abandoning module IntroTutorials (454)
[2018.06.17-14.43.07:030][312]LogModuleManager: Shutting down and abandoning module GameProjectGeneration (453)
[2018.06.17-14.43.07:030][312]LogModuleManager: Shutting down and abandoning module IOSPlatformEditor (450)
[2018.06.17-14.43.07:031][312]LogModuleManager: Shutting down and abandoning module HTML5PlatformEditor (448)
[2018.06.17-14.43.07:031][312]LogModuleManager: Shutting down and abandoning module AndroidPlatformEditor (446)
[2018.06.17-14.43.07:031][312]LogModuleManager: Shutting down and abandoning module AndroidDeviceDetection (445)
[2018.06.17-14.43.07:923][312]LogModuleManager: Shutting down and abandoning module WindowsPlatformEditor (442)
[2018.06.17-14.43.07:923][312]LogModuleManager: Shutting down and abandoning module IOSRuntimeSettings (440)
[2018.06.17-14.43.07:923][312]LogModuleManager: Shutting down and abandoning module AndroidRuntimeSettings (438)
[2018.06.17-14.43.07:923][312]LogModuleManager: Shutting down and abandoning module InputBindingEditor (436)
[2018.06.17-14.43.07:923][312]LogModuleManager: Shutting down and abandoning module MergeActors (434)
[2018.06.17-14.43.07:923][312]LogModuleManager: Shutting down and abandoning module SizeMap (432)
[2018.06.17-14.43.07:923][312]LogModuleManager: Shutting down and abandoning module TreeMap (430)
[2018.06.17-14.43.07:923][312]LogModuleManager: Shutting down and abandoning module ReferenceViewer (428)
[2018.06.17-14.43.07:923][312]LogModuleManager: Shutting down and abandoning module LocalizationDashboard (426)
[2018.06.17-14.43.07:923][312]LogModuleManager: Shutting down and abandoning module LocalizationService (425)
[2018.06.17-14.43.07:923][312]LogModuleManager: Shutting down and abandoning module HardwareTargeting (422)
[2018.06.17-14.43.07:923][312]LogModuleManager: Shutting down and abandoning module DeviceProfileEditor (420)
[2018.06.17-14.43.07:923][312]LogModuleManager: Shutting down and abandoning module UndoHistory (418)
[2018.06.17-14.43.07:923][312]LogModuleManager: Shutting down and abandoning module XmlParser (416)
[2018.06.17-14.43.07:923][312]LogModuleManager: Shutting down and abandoning module Blutility (414)
[2018.06.17-14.43.07:923][312]LogModuleManager: Shutting down and abandoning module ProjectSettingsViewer (412)
[2018.06.17-14.43.07:923][312]LogModuleManager: Shutting down and abandoning module ProjectTargetPlatformEditor (411)
[2018.06.17-14.43.07:923][312]LogModuleManager: Shutting down and abandoning module EditorSettingsViewer (408)
[2018.06.17-14.43.07:923][312]LogModuleManager: Shutting down and abandoning module SettingsEditor (406)
[2018.06.17-14.43.07:923][312]LogModuleManager: Shutting down and abandoning module ProjectLauncher (404)
[2018.06.17-14.43.07:923][312]LogModuleManager: Shutting down and abandoning module SessionFrontend (402)
[2018.06.17-14.43.07:923][312]LogModuleManager: Shutting down and abandoning module ProfilerClient (400)
[2018.06.17-14.43.07:923][312]LogModuleManager: Shutting down and abandoning module DeviceManager (398)
[2018.06.17-14.43.07:923][312]LogModuleManager: Shutting down and abandoning module TargetDeviceServices (397)
[2018.06.17-14.43.07:979][312]LogModuleManager: Shutting down and abandoning module AutomationController (394)
[2018.06.17-14.43.07:979][312]LogModuleManager: Shutting down and abandoning module AutomationWindow (392)
[2018.06.17-14.43.07:979][312]LogModuleManager: Shutting down and abandoning module Layers (390)
[2018.06.17-14.43.07:979][312]LogModuleManager: Shutting down and abandoning module ComponentVisualizers (388)
[2018.06.17-14.43.07:979][312]LogModuleManager: Shutting down and abandoning module DetailCustomizations (386)
[2018.06.17-14.43.07:979][312]LogModuleManager: Shutting down and abandoning module PackagesDialog (384)
[2018.06.17-14.43.07:979][312]LogModuleManager: Shutting down and abandoning module Persona (382)
[2018.06.17-14.43.07:979][312]LogModuleManager: Shutting down and abandoning module AdvancedPreviewScene (381)
[2018.06.17-14.43.07:979][312]LogModuleManager: Shutting down and abandoning module AnimGraph (379)
[2018.06.17-14.43.07:979][312]LogModuleManager: Shutting down and abandoning module Kismet (376)
[2018.06.17-14.43.07:987][312]LogModuleManager: Shutting down and abandoning module ClassViewer (374)
[2018.06.17-14.43.07:987][312]LogModuleManager: Shutting down and abandoning module Toolbox (372)
[2018.06.17-14.43.07:987][312]LogModuleManager: Shutting down and abandoning module ModuleUI (370)
[2018.06.17-14.43.07:987][312]LogModuleManager: Shutting down and abandoning module MovieSceneTools (368)
[2018.06.17-14.43.07:987][312]LogModuleManager: Shutting down and abandoning module OutputLog (366)
[2018.06.17-14.43.07:987][312]LogModuleManager: Shutting down and abandoning module GammaUI (364)
[2018.06.17-14.43.07:987][312]LogModuleManager: Shutting down and abandoning module Documentation (362)
[2018.06.17-14.43.07:989][312]LogModuleManager: Shutting down and abandoning module MovieSceneTracks (360)
[2018.06.17-14.43.07:989][312]LogModuleManager: Shutting down and abandoning module MovieScene (358)
[2018.06.17-14.43.07:989][312]LogModuleManager: Shutting down and abandoning module Niagara (356)
[2018.06.17-14.43.07:989][312]LogModuleManager: Shutting down and abandoning module NiagaraEditor (355)
[2018.06.17-14.43.07:989][312]LogModuleManager: Shutting down and abandoning module StreamingPauseRendering (352)
[2018.06.17-14.43.07:989][312]LogModuleManager: Shutting down and abandoning module LauncherPlatform (350)
[2018.06.17-14.43.07:989][312]LogModuleManager: Shutting down and abandoning module AnalyticsET (348)
[2018.06.17-14.43.07:989][312]LogModuleManager: Shutting down and abandoning module PortalServices (346)
[2018.06.17-14.43.07:989][312]LogModuleManager: Shutting down and abandoning module PortalRpc (344)
[2018.06.17-14.43.07:989][312]LogModuleManager: Shutting down and abandoning module MessagingRpc (342)
[2018.06.17-14.43.07:989][312]LogModuleManager: Shutting down and abandoning module AIModule (340)
[2018.06.17-14.43.07:989][312]LogModuleManager: Shutting down and abandoning module GameplayDebugger (339)
[2018.06.17-14.43.07:989][312]LogModuleManager: Shutting down and abandoning module AITestSuite (337)
[2018.06.17-14.43.07:989][312]LogModuleManager: Shutting down and abandoning module ProfilerService (334)
[2018.06.17-14.43.08:073][312]LogModuleManager: Shutting down and abandoning module TaskGraph (332)
[2018.06.17-14.43.08:073][312]LogModuleManager: Shutting down and abandoning module SteamVRController (330)
[2018.06.17-14.43.08:073][312]LogModuleManager: Shutting down and abandoning module ProceduralMeshComponentEditor (328)
[2018.06.17-14.43.08:073][312]LogModuleManager: Shutting down and abandoning module ProceduralMeshComponent (326)
[2018.06.17-14.43.08:073][312]LogModuleManager: Shutting down and abandoning module OculusInput (324)
[2018.06.17-14.43.08:073][312]LogModuleManager: Shutting down and abandoning module MobilePatchingUtils (322)
[2018.06.17-14.43.08:073][312]LogModuleManager: Shutting down and abandoning module CustomMeshComponent (320)
[2018.06.17-14.43.08:073][312]LogModuleManager: Shutting down and abandoning module CableComponent (318)
[2018.06.17-14.43.08:073][312]LogModuleManager: Shutting down and abandoning module ArchVisCharacter (316)
[2018.06.17-14.43.08:073][312]LogModuleManager: Shutting down and abandoning module AndroidPermission (314)
[2018.06.17-14.43.08:073][312]LogModuleManager: Shutting down and abandoning module MediaPlayerEditor (310)
[2018.06.17-14.43.08:074][312]LogModuleManager: Shutting down and abandoning module HTML5Networking (308)
[2018.06.17-14.43.08:074][312]LogModuleManager: Shutting down and abandoning module AlembicImporter (306)
[2018.06.17-14.43.08:074][312]LogModuleManager: Shutting down and abandoning module AlembicLibrary (305)
[2018.06.17-14.43.08:074][312]LogModuleManager: Shutting down and abandoning module GeometryCache (304)
[2018.06.17-14.43.08:074][312]LogModuleManager: Shutting down and abandoning module GeometryCacheEd (303)
[2018.06.17-14.43.08:074][312]LogModuleManager: Shutting down and abandoning module SpeedTreeImporter (298)
[2018.06.17-14.43.08:074][312]LogModuleManager: Shutting down and abandoning module PluginBrowser (296)
[2018.06.17-14.43.08:074][312]LogModuleManager: Shutting down and abandoning module MobileLauncherProfileWizard (294)
[2018.06.17-14.43.08:074][312]LogModuleManager: Shutting down and abandoning module VisualStudioSourceCodeAccess (292)
[2018.06.17-14.43.08:074][312]LogModuleManager: Shutting down and abandoning module DesktopPlatform (291)
[2018.06.17-14.43.08:074][312]LogModuleManager: Shutting down and abandoning module UObjectPlugin (288)
[2018.06.17-14.43.08:074][312]LogModuleManager: Shutting down and abandoning module SubversionSourceControl (286)
[2018.06.17-14.43.08:074][312]LogModuleManager: Shutting down and abandoning module PerforceSourceControl (284)
[2018.06.17-14.43.08:074][312]LogModuleManager: Shutting down and abandoning module GitSourceControl (282)
[2018.06.17-14.43.08:074][312]LogModuleManager: Shutting down and abandoning module SourceControl (281)
[2018.06.17-14.43.08:074][312]LogModuleManager: Shutting down and abandoning module LightPropagationVolumeEditor (278)
[2018.06.17-14.43.08:074][312]LogModuleManager: Shutting down and abandoning module PaperTiledImporter (276)
[2018.06.17-14.43.08:074][312]LogModuleManager: Shutting down and abandoning module PaperSpriteSheetImporter (274)
[2018.06.17-14.43.08:075][312]LogModuleManager: Shutting down and abandoning module Paper2DEditor (272)
[2018.06.17-14.43.08:075][312]LogModuleManager: Shutting down and abandoning module MeshPaint (271)
[2018.06.17-14.43.08:075][312]LogModuleManager: Shutting down and abandoning module LevelEditor (269)
[2018.06.17-14.43.08:075][312]LogModuleManager: Shutting down and abandoning module PixelInspectorModule (268)
[2018.06.17-14.43.08:075][312]LogModuleManager: Shutting down and abandoning module MainFrame (266)
[2018.06.17-14.43.08:076][312]LogModuleManager: Shutting down and abandoning module HotReload (265)
[2018.06.17-14.43.08:076][312]LogModuleManager: Shutting down and abandoning module RuntimePhysXCooking (260)
[2018.06.17-14.43.08:076][312]LogModuleManager: Shutting down and abandoning module PhysXVehiclesEditor (258)
[2018.06.17-14.43.08:076][312]LogModuleManager: Shutting down and abandoning module PhysXVehicles (256)
[2018.06.17-14.43.08:076][312]LogModuleManager: Shutting down and abandoning module OculusEditor (254)
[2018.06.17-14.43.08:076][312]LogModuleManager: Shutting down and abandoning module LocationServicesBPLibrary (252)
[2018.06.17-14.43.08:076][312]LogModuleManager: Shutting down and abandoning module ImmediatePhysicsEditor (250)
[2018.06.17-14.43.08:076][312]LogModuleManager: Shutting down and abandoning module ImmediatePhysics (248)
[2018.06.17-14.43.08:076][312]LogModuleManager: Shutting down and abandoning module UdpMessaging (246)
[2018.06.17-14.43.08:177][312]LogModuleManager: Shutting down and abandoning module TcpMessaging (244)
[2018.06.17-14.43.08:277][312]LogModuleManager: Shutting down and abandoning module GameplayTagsEditor (242)
[2018.06.17-14.43.08:277][312]LogModuleManager: Shutting down and abandoning module FacialAnimationEditor (240)
[2018.06.17-14.43.08:277][312]LogModuleManager: Shutting down and abandoning module FacialAnimation (238)
[2018.06.17-14.43.08:277][312]LogModuleManager: Shutting down and abandoning module AssetManagerEditor (236)
[2018.06.17-14.43.08:277][312]LogModuleManager: Shutting down and abandoning module GraphEditor (235)
[2018.06.17-14.43.08:277][312]LogModuleManager: Shutting down and abandoning module ContentBrowser (233)
[2018.06.17-14.43.08:278][312]LogModuleManager: Shutting down and abandoning module LightPropagationVolumeRuntime (230)
[2018.06.17-14.43.08:278][312]LogModuleManager: Shutting down and abandoning module Paper2D (228)
[2018.06.17-14.43.08:278][312]LogModuleManager: Shutting down and abandoning module WindowsMoviePlayer (226)
[2018.06.17-14.43.08:278][312]LogModuleManager: Shutting down and abandoning module WmfMedia (224)
[2018.06.17-14.43.08:282][312]LogModuleManager: Shutting down and abandoning module PacketHandler (222)
[2018.06.17-14.43.08:282][312]LogModuleManager: Shutting down and abandoning module ClothingSystemEditor (220)
[2018.06.17-14.43.08:282][312]LogModuleManager: Shutting down and abandoning module ClothingSystemRuntime (218)
[2018.06.17-14.43.08:282][312]LogModuleManager: Shutting down and abandoning module Overlay (216)
[2018.06.17-14.43.08:282][312]LogModuleManager: Shutting down and abandoning module OverlayEditor (215)
[2018.06.17-14.43.08:282][312]LogModuleManager: Shutting down and abandoning module MediaAssets (212)
[2018.06.17-14.43.08:282][312]LogModuleManager: Shutting down and abandoning module VREditor (210)
[2018.06.17-14.43.08:282][312]LogModuleManager: Shutting down and abandoning module StringTableEditor (208)
[2018.06.17-14.43.08:282][312]LogModuleManager: Shutting down and abandoning module GameplayTasksEditor (206)
[2018.06.17-14.43.08:282][312]LogModuleManager: Shutting down and abandoning module BehaviorTreeEditor (204)
[2018.06.17-14.43.08:282][312]LogModuleManager: Shutting down and abandoning module FunctionalTesting (202)
[2018.06.17-14.43.08:282][312]LogModuleManager: Shutting down and abandoning module CollisionAnalyzer (200)
[2018.06.17-14.43.08:282][312]LogModuleManager: Shutting down and abandoning module WorkspaceMenuStructure (199)
[2018.06.17-14.43.08:282][312]LogModuleManager: Shutting down and abandoning module UMG (196)
[2018.06.17-14.43.08:283][312]LogModuleManager: Shutting down and abandoning module UMGEditor (195)
[2018.06.17-14.43.08:283][312]LogModuleManager: Shutting down and abandoning module Sequencer (194)
[2018.06.17-14.43.08:283][312]LogModuleManager: Shutting down and abandoning module MessageLog (191)
[2018.06.17-14.43.08:283][312]LogModuleManager: Shutting down and abandoning module SlateReflector (186)
[2018.06.17-14.43.08:283][312]LogModuleManager: Shutting down and abandoning module Slate (184)
[2018.06.17-14.43.08:283][312]LogModuleManager: Shutting down and abandoning module EditorStyle (182)
[2018.06.17-14.43.08:285][312]LogModuleManager: Shutting down and abandoning module MRMesh (180)
[2018.06.17-14.43.08:285][312]LogModuleManager: Shutting down and abandoning module SourceCodeAccess (178)
[2018.06.17-14.43.08:285][312]LogModuleManager: Shutting down and abandoning module HeadMountedDisplay (176)
[2018.06.17-14.43.08:285][312]LogModuleManager: Shutting down and abandoning module XAudio2 (174)
[2018.06.17-14.43.08:285][312]LogModuleManager: Shutting down and abandoning module Networking (172)
[2018.06.17-14.43.08:285][312]LogModuleManager: Shutting down and abandoning module Core (168)
[2018.06.17-14.43.08:285][312]LogModuleManager: Shutting down and abandoning module KismetCompiler (164)
[2018.06.17-14.43.08:285][312]LogModuleManager: Shutting down and abandoning module LevelSequence (162)
[2018.06.17-14.43.08:285][312]LogModuleManager: Shutting down and abandoning module MeshUtilities (160)
[2018.06.17-14.43.08:285][312]LogModuleManager: Shutting down and abandoning module MeshMergeUtilities (159)
[2018.06.17-14.43.08:285][312]LogModuleManager: Shutting down and abandoning module MeshReductionInterface (158)
[2018.06.17-14.43.08:285][312]LogModuleManager: Shutting down and abandoning module SimplygonSwarm (157)
[2018.06.17-14.43.08:285][312]LogModuleManager: Shutting down and abandoning module SimplygonMeshReduction (155)
[2018.06.17-14.43.08:285][312]LogModuleManager: Shutting down and abandoning module QuadricMeshReduction (153)
[2018.06.17-14.43.08:285][312]LogModuleManager: Shutting down and abandoning module MaterialBaking (149)
[2018.06.17-14.43.08:286][312]LogModuleManager: Shutting down and abandoning module DirectoryWatcher (146)
[2018.06.17-14.43.08:286][312]LogModuleManager: Shutting down and abandoning module DerivedDataCache (144)
[2018.06.17-14.43.08:339][312]LogDerivedDataCache: Shutdown
[2018.06.17-14.43.08:339][312]LogModuleManager: Shutting down and abandoning module TargetPlatform (142)
[2018.06.17-14.43.08:339][312]LogModuleManager: Shutting down and abandoning module VulkanShaderFormat (141)
[2018.06.17-14.43.08:339][312]LogModuleManager: Shutting down and abandoning module ShaderFormatVectorVM (139)
[2018.06.17-14.43.08:339][312]LogModuleManager: Shutting down and abandoning module ShaderFormatOpenGL (137)
[2018.06.17-14.43.08:339][312]LogModuleManager: Shutting down and abandoning module ShaderFormatD3D (135)
[2018.06.17-14.43.08:339][312]LogModuleManager: Shutting down and abandoning module MetalShaderFormat (133)
[2018.06.17-14.43.08:339][312]LogModuleManager: Shutting down and abandoning module TextureFormatUncompressed (131)
[2018.06.17-14.43.08:339][312]LogModuleManager: Shutting down and abandoning module TextureFormatPVR (129)
[2018.06.17-14.43.08:339][312]LogModuleManager: Shutting down and abandoning module TextureFormatDXT (127)
[2018.06.17-14.43.08:339][312]LogModuleManager: Shutting down and abandoning module TextureFormatIntelISPCTexComp (125)
[2018.06.17-14.43.08:339][312]LogModuleManager: Shutting down and abandoning module TextureFormatASTC (123)
[2018.06.17-14.43.08:339][312]LogModuleManager: Shutting down and abandoning module ImageWrapper (122)
[2018.06.17-14.43.08:340][312]LogModuleManager: Shutting down and abandoning module TextureFormatAndroid (119)
[2018.06.17-14.43.08:340][312]LogModuleManager: Shutting down and abandoning module AudioFormatOpus (117)
[2018.06.17-14.43.08:340][312]LogModuleManager: Shutting down and abandoning module AudioFormatOgg (115)
[2018.06.17-14.43.08:340][312]LogModuleManager: Shutting down and abandoning module AudioFormatADPCM (113)
[2018.06.17-14.43.08:340][312]LogModuleManager: Shutting down and abandoning module LinuxTargetPlatform (111)
[2018.06.17-14.43.08:340][312]LogModuleManager: Shutting down and abandoning module LinuxServerTargetPlatform (109)
[2018.06.17-14.43.08:340][312]LogModuleManager: Shutting down and abandoning module LinuxNoEditorTargetPlatform (107)
[2018.06.17-14.43.08:340][312]LogModuleManager: Shutting down and abandoning module LinuxClientTargetPlatform (105)
[2018.06.17-14.43.08:340][312]LogModuleManager: Shutting down and abandoning module TVOSTargetPlatform (103)
[2018.06.17-14.43.08:340][312]LogModuleManager: Shutting down and abandoning module Messaging (101)
[2018.06.17-14.43.08:340][312]LogModuleManager: Shutting down and abandoning module IOSTargetPlatform (99)
[2018.06.17-14.43.08:340][312]LogModuleManager: Shutting down and abandoning module HTML5TargetPlatform (97)
[2018.06.17-14.43.08:340][312]LogModuleManager: Shutting down and abandoning module Android_PVRTCTargetPlatform (95)
[2018.06.17-14.43.08:340][312]LogModuleManager: Shutting down and abandoning module Android_MultiTargetPlatform (93)
[2018.06.17-14.43.08:340][312]LogModuleManager: Shutting down and abandoning module Android_ETC2TargetPlatform (91)
[2018.06.17-14.43.08:340][312]LogModuleManager: Shutting down and abandoning module Android_ETC1TargetPlatform (89)
[2018.06.17-14.43.08:340][312]LogModuleManager: Shutting down and abandoning module Android_DXTTargetPlatform (87)
[2018.06.17-14.43.08:340][312]LogModuleManager: Shutting down and abandoning module Android_ATCTargetPlatform (85)
[2018.06.17-14.43.08:340][312]LogModuleManager: Shutting down and abandoning module Android_ASTCTargetPlatform (83)
[2018.06.17-14.43.08:340][312]LogModuleManager: Shutting down and abandoning module AndroidTargetPlatform (81)
[2018.06.17-14.43.08:340][312]LogModuleManager: Shutting down and abandoning module WindowsTargetPlatform (79)
[2018.06.17-14.43.08:340][312]LogModuleManager: Shutting down and abandoning module WindowsServerTargetPlatform (77)
[2018.06.17-14.43.08:340][312]LogModuleManager: Shutting down and abandoning module WindowsNoEditorTargetPlatform (75)
[2018.06.17-14.43.08:340][312]LogModuleManager: Shutting down and abandoning module WindowsClientTargetPlatform (73)
[2018.06.17-14.43.08:340][312]LogModuleManager: Shutting down and abandoning module MacTargetPlatform (71)
[2018.06.17-14.43.08:340][312]LogModuleManager: Shutting down and abandoning module MacServerTargetPlatform (69)
[2018.06.17-14.43.08:340][312]LogModuleManager: Shutting down and abandoning module MacNoEditorTargetPlatform (67)
[2018.06.17-14.43.08:340][312]LogModuleManager: Shutting down and abandoning module MacClientTargetPlatform (65)
[2018.06.17-14.43.08:341][312]LogModuleManager: Shutting down and abandoning module AllDesktopTargetPlatform (63)
[2018.06.17-14.43.08:341][312]LogModuleManager: Shutting down and abandoning module InputCore (60)
[2018.06.17-14.43.08:341][312]LogModuleManager: Shutting down and abandoning module Settings (58)
[2018.06.17-14.43.08:341][312]LogModuleManager: Shutting down and abandoning module PhysXCooking (56)
[2018.06.17-14.43.08:341][312]LogModuleManager: Shutting down and abandoning module SteamVR (54)
[2018.06.17-14.43.08:341][312]LogModuleManager: Shutting down and abandoning module OculusHMD (52)
[2018.06.17-14.43.08:341][312]LogModuleManager: Shutting down and abandoning module ExampleDeviceProfileSelector (50)
[2018.06.17-14.43.08:341][312]LogModuleManager: Shutting down and abandoning module OnlineBlueprintSupport (48)
[2018.06.17-14.43.08:341][312]LogModuleManager: Shutting down and abandoning module OnlineSubsystem (44)
[2018.06.17-14.43.08:341][312]LogOnline: Display: Unloading online subsystem: NULL
[2018.06.17-14.43.08:341][312]LogModuleManager: Shutting down and abandoning module XMPP (43)
[2018.06.17-14.43.08:341][312]LogModuleManager: Shutting down and abandoning module HTTP (41)
[2018.06.17-14.43.08:341][312]LogHttp: Display: Http module shutting down, but needs to wait on 1 outstanding Http requests:
[2018.06.17-14.43.08:341][312]LogHttp: Display: 	verb=[POST] url=[https://datarouter.ol.epicgames.com/datarouter/api/v1/public/data?SessionID=%7BCD7AC8C1-4291-A6FB-5E24-C78A6301DBAA%7D&AppID=UEEditor.Rocket.Release&AppVersion=4.17.2-3658906%2B%2B%2BUE4%2BRelease-4.17&UserID=52c09b674ff570e465a91c84e5b3e90a%7C576142a7ce4e41a4a4c4bf69e2f1ce98%7C644e0ae4-f221-42dd-b828-8b6eaba0659c&AppEnvironment=datacollector-binary&UploadType=eteventstream] status=Processing
[2018.06.17-14.43.08:376][312]LogModuleManager: Shutting down and abandoning module SSL (40)
[2018.06.17-14.43.08:377][312]LogModuleManager: Shutting down and abandoning module AnimationModifiers (36)
[2018.06.17-14.43.08:377][312]LogModuleManager: Shutting down and abandoning module PropertyEditor (35)
[2018.06.17-14.43.08:377][312]LogModuleManager: Shutting down and abandoning module AudioEditor (32)
[2018.06.17-14.43.08:377][312]LogModuleManager: Shutting down and abandoning module TextureCompressor (30)
[2018.06.17-14.43.08:377][312]LogModuleManager: Shutting down and abandoning module ShaderCore (28)
[2018.06.17-14.43.08:377][312]LogModuleManager: Shutting down and abandoning module Landscape (26)
[2018.06.17-14.43.08:377][312]LogModuleManager: Shutting down and abandoning module SlateRHIRenderer (24)
[2018.06.17-14.43.08:379][312]LogModuleManager: Shutting down and abandoning module OpenGLDrv (22)
[2018.06.17-14.43.08:379][312]LogModuleManager: Shutting down and abandoning module D3D11RHI (20)
[2018.06.17-14.43.08:379][312]LogModuleManager: Shutting down and abandoning module AnimGraphRuntime (18)
[2018.06.17-14.43.08:379][312]LogModuleManager: Shutting down and abandoning module Renderer (16)
[2018.06.17-14.43.08:379][312]LogModuleManager: Shutting down and abandoning module Engine (14)
[2018.06.17-14.43.08:379][312]LogModuleManager: Shutting down and abandoning module CoreUObject (12)
[2018.06.17-14.43.08:379][312]LogModuleManager: Shutting down and abandoning module NetworkFile (10)
[2018.06.17-14.43.08:379][312]LogModuleManager: Shutting down and abandoning module CookedIterativeFile (8)
[2018.06.17-14.43.08:379][312]LogModuleManager: Shutting down and abandoning module StreamingFile (6)
[2018.06.17-14.43.08:379][312]LogModuleManager: Shutting down and abandoning module SandboxFile (4)
[2018.06.17-14.43.08:379][312]LogModuleManager: Shutting down and abandoning module PakFile (2)
[2018.06.17-14.43.08:383][312]LogExit: Exiting.
[2018.06.17-14.43.08:403][312]Log file closed, 06/18/18 00:43:08
